{"numFailedTestSuites":5,"numFailedTests":8,"numPassedTestSuites":12,"numPassedTests":639,"numPendingTestSuites":0,"numPendingTests":0,"numRuntimeErrorTestSuites":3,"numTodoTests":0,"numTotalTestSuites":17,"numTotalTests":647,"openHandles":[],"snapshot":{"added":0,"didUpdate":false,"failure":false,"filesAdded":0,"filesRemoved":0,"filesRemovedList":[],"filesUnmatched":0,"filesUpdated":0,"matched":0,"total":0,"unchecked":0,"uncheckedKeysByFile":[],"unmatched":0,"updated":0},"startTime":1775183778981,"success":false,"testResults":[{"assertionResults":[{"ancestorTitles":["calculatePhaseFromCycleLength","28-day cycle (natural)"],"duration":4,"failing":false,"failureDetails":[],"failureMessages":[],"fullName":"calculatePhaseFromCycleLength 28-day cycle (natural) days 1–5 are menstrual","invocations":1,"location":null,"numPassingAsserts":5,"retryReasons":[],"startAt":1775183786946,"status":"passed","title":"days 1–5 are menstrual"},{"ancestorTitles":["calculatePhaseFromCycleLength","28-day cycle (natural)"],"duration":2,"failing":false,"failureDetails":[],"failureMessages":[],"fullName":"calculatePhaseFromCycleLength 28-day cycle (natural) days 6–11 are follicular","invocations":1,"location":null,"numPassingAsserts":6,"retryReasons":[],"startAt":1775183786951,"status":"passed","title":"days 6–11 are follicular"},{"ancestorTitles":["calculatePhaseFromCycleLength","28-day cycle (natural)"],"duration":6,"failing":false,"failureDetails":[],"failureMessages":[],"fullName":"calculatePhaseFromCycleLength 28-day cycle (natural) days 12–14 are ovulation","invocations":1,"location":null,"numPassingAsserts":3,"retryReasons":[],"startAt":1775183786953,"status":"passed","title":"days 12–14 are ovulation"},{"ancestorTitles":["calculatePhaseFromCycleLength","28-day cycle (natural)"],"duration":7,"failing":false,"failureDetails":[],"failureMessages":[],"fullName":"calculatePhaseFromCycleLength 28-day cycle (natural) days 15–28 are luteal","invocations":1,"location":null,"numPassingAsserts":14,"retryReasons":[],"startAt":1775183786959,"status":"passed","title":"days 15–28 are luteal"},{"ancestorTitles":["calculatePhaseFromCycleLength","variable cycle lengths"],"duration":0,"failing":false,"failureDetails":[],"failureMessages":[],"fullName":"calculatePhaseFromCycleLength variable cycle lengths cycle length 21: day 1 is always menstrual","invocations":1,"location":null,"numPassingAsserts":1,"retryReasons":[],"startAt":1775183786972,"status":"passed","title":"cycle length 21: day 1 is always menstrual"},{"ancestorTitles":["calculatePhaseFromCycleLength","variable cycle lengths"],"duration":0,"failing":false,"failureDetails":[],"failureMessages":[],"fullName":"calculatePhaseFromCycleLength variable cycle lengths cycle length 21: day 5 is always menstrual","invocations":1,"location":null,"numPassingAsserts":1,"retryReasons":[],"startAt":1775183786972,"status":"passed","title":"cycle length 21: day 5 is always menstrual"},{"ancestorTitles":["calculatePhaseFromCycleLength","variable cycle lengths"],"duration":1,"failing":false,"failureDetails":[],"failureMessages":[],"fullName":"calculatePhaseFromCycleLength variable cycle lengths cycle length 21: day 6 is follicular","invocations":1,"location":null,"numPassingAsserts":1,"retryReasons":[],"startAt":1775183786972,"status":"passed","title":"cycle length 21: day 6 is follicular"},{"ancestorTitles":["calculatePhaseFromCycleLength","variable cycle lengths"],"duration":6,"failing":false,"failureDetails":[],"failureMessages":[],"fullName":"calculatePhaseFromCycleLength variable cycle lengths cycle length 21: last day is luteal","invocations":1,"location":null,"numPassingAsserts":1,"retryReasons":[],"startAt":1775183786973,"status":"passed","title":"cycle length 21: last day is luteal"},{"ancestorTitles":["calculatePhaseFromCycleLength","variable cycle lengths"],"duration":3,"failing":false,"failureDetails":[],"failureMessages":[],"fullName":"calculatePhaseFromCycleLength variable cycle lengths cycle length 21: luteal phase is ~13 days","invocations":1,"location":null,"numPassingAsserts":2,"retryReasons":[],"startAt":1775183786979,"status":"passed","title":"cycle length 21: luteal phase is ~13 days"},{"ancestorTitles":["calculatePhaseFromCycleLength","variable cycle lengths"],"duration":2,"failing":false,"failureDetails":[],"failureMessages":[],"fullName":"calculatePhaseFromCycleLength variable cycle lengths cycle length 24: day 1 is always menstrual","invocations":1,"location":null,"numPassingAsserts":1,"retryReasons":[],"startAt":1775183786983,"status":"passed","title":"cycle length 24: day 1 is always menstrual"},{"ancestorTitles":["calculatePhaseFromCycleLength","variable cycle lengths"],"duration":4,"failing":false,"failureDetails":[],"failureMessages":[],"fullName":"calculatePhaseFromCycleLength variable cycle lengths cycle length 24: day 5 is always menstrual","invocations":1,"location":null,"numPassingAsserts":1,"retryReasons":[],"startAt":1775183786985,"status":"passed","title":"cycle length 24: day 5 is always menstrual"},{"ancestorTitles":["calculatePhaseFromCycleLength","variable cycle lengths"],"duration":1,"failing":false,"failureDetails":[],"failureMessages":[],"fullName":"calculatePhaseFromCycleLength variable cycle lengths cycle length 24: day 6 is follicular","invocations":1,"location":null,"numPassingAsserts":1,"retryReasons":[],"startAt":1775183786989,"status":"passed","title":"cycle length 24: day 6 is follicular"},{"ancestorTitles":["calculatePhaseFromCycleLength","variable cycle lengths"],"duration":1,"failing":false,"failureDetails":[],"failureMessages":[],"fullName":"calculatePhaseFromCycleLength variable cycle lengths cycle length 24: last day is luteal","invocations":1,"location":null,"numPassingAsserts":1,"retryReasons":[],"startAt":1775183786990,"status":"passed","title":"cycle length 24: last day is luteal"},{"ancestorTitles":["calculatePhaseFromCycleLength","variable cycle lengths"],"duration":1,"failing":false,"failureDetails":[],"failureMessages":[],"fullName":"calculatePhaseFromCycleLength variable cycle lengths cycle length 24: luteal phase is ~13 days","invocations":1,"location":null,"numPassingAsserts":2,"retryReasons":[],"startAt":1775183786991,"status":"passed","title":"cycle length 24: luteal phase is ~13 days"},{"ancestorTitles":["calculatePhaseFromCycleLength","variable cycle lengths"],"duration":0,"failing":false,"failureDetails":[],"failureMessages":[],"fullName":"calculatePhaseFromCycleLength variable cycle lengths cycle length 26: day 1 is always menstrual","invocations":1,"location":null,"numPassingAsserts":1,"retryReasons":[],"startAt":1775183786992,"status":"passed","title":"cycle length 26: day 1 is always menstrual"},{"ancestorTitles":["calculatePhaseFromCycleLength","variable cycle lengths"],"duration":1,"failing":false,"failureDetails":[],"failureMessages":[],"fullName":"calculatePhaseFromCycleLength variable cycle lengths cycle length 26: day 5 is always menstrual","invocations":1,"location":null,"numPassingAsserts":1,"retryReasons":[],"startAt":1775183786992,"status":"passed","title":"cycle length 26: day 5 is always menstrual"},{"ancestorTitles":["calculatePhaseFromCycleLength","variable cycle lengths"],"duration":1,"failing":false,"failureDetails":[],"failureMessages":[],"fullName":"calculatePhaseFromCycleLength variable cycle lengths cycle length 26: day 6 is follicular","invocations":1,"location":null,"numPassingAsserts":1,"retryReasons":[],"startAt":1775183786993,"status":"passed","title":"cycle length 26: day 6 is follicular"},{"ancestorTitles":["calculatePhaseFromCycleLength","variable cycle lengths"],"duration":0,"failing":false,"failureDetails":[],"failureMessages":[],"fullName":"calculatePhaseFromCycleLength variable cycle lengths cycle length 26: last day is luteal","invocations":1,"location":null,"numPassingAsserts":1,"retryReasons":[],"startAt":1775183786994,"status":"passed","title":"cycle length 26: last day is luteal"},{"ancestorTitles":["calculatePhaseFromCycleLength","variable cycle lengths"],"duration":1,"failing":false,"failureDetails":[],"failureMessages":[],"fullName":"calculatePhaseFromCycleLength variable cycle lengths cycle length 26: luteal phase is ~13 days","invocations":1,"location":null,"numPassingAsserts":2,"retryReasons":[],"startAt":1775183786994,"status":"passed","title":"cycle length 26: luteal phase is ~13 days"},{"ancestorTitles":["calculatePhaseFromCycleLength","variable cycle lengths"],"duration":0,"failing":false,"failureDetails":[],"failureMessages":[],"fullName":"calculatePhaseFromCycleLength variable cycle lengths cycle length 28: day 1 is always menstrual","invocations":1,"location":null,"numPassingAsserts":1,"retryReasons":[],"startAt":1775183786995,"status":"passed","title":"cycle length 28: day 1 is always menstrual"},{"ancestorTitles":["calculatePhaseFromCycleLength","variable cycle lengths"],"duration":1,"failing":false,"failureDetails":[],"failureMessages":[],"fullName":"calculatePhaseFromCycleLength variable cycle lengths cycle length 28: day 5 is always menstrual","invocations":1,"location":null,"numPassingAsserts":1,"retryReasons":[],"startAt":1775183786995,"status":"passed","title":"cycle length 28: day 5 is always menstrual"},{"ancestorTitles":["calculatePhaseFromCycleLength","variable cycle lengths"],"duration":0,"failing":false,"failureDetails":[],"failureMessages":[],"fullName":"calculatePhaseFromCycleLength variable cycle lengths cycle length 28: day 6 is follicular","invocations":1,"location":null,"numPassingAsserts":1,"retryReasons":[],"startAt":1775183786996,"status":"passed","title":"cycle length 28: day 6 is follicular"},{"ancestorTitles":["calculatePhaseFromCycleLength","variable cycle lengths"],"duration":1,"failing":false,"failureDetails":[],"failureMessages":[],"fullName":"calculatePhaseFromCycleLength variable cycle lengths cycle length 28: last day is luteal","invocations":1,"location":null,"numPassingAsserts":1,"retryReasons":[],"startAt":1775183786997,"status":"passed","title":"cycle length 28: last day is luteal"},{"ancestorTitles":["calculatePhaseFromCycleLength","variable cycle lengths"],"duration":1,"failing":false,"failureDetails":[],"failureMessages":[],"fullName":"calculatePhaseFromCycleLength variable cycle lengths cycle length 28: luteal phase is ~13 days","invocations":1,"location":null,"numPassingAsserts":2,"retryReasons":[],"startAt":1775183786999,"status":"passed","title":"cycle length 28: luteal phase is ~13 days"},{"ancestorTitles":["calculatePhaseFromCycleLength","variable cycle lengths"],"duration":1,"failing":false,"failureDetails":[],"failureMessages":[],"fullName":"calculatePhaseFromCycleLength variable cycle lengths cycle length 30: day 1 is always menstrual","invocations":1,"location":null,"numPassingAsserts":1,"retryReasons":[],"startAt":1775183787132,"status":"passed","title":"cycle length 30: day 1 is always menstrual"},{"ancestorTitles":["calculatePhaseFromCycleLength","variable cycle lengths"],"duration":1,"failing":false,"failureDetails":[],"failureMessages":[],"fullName":"calculatePhaseFromCycleLength variable cycle lengths cycle length 30: day 5 is always menstrual","invocations":1,"location":null,"numPassingAsserts":1,"retryReasons":[],"startAt":1775183787133,"status":"passed","title":"cycle length 30: day 5 is always menstrual"},{"ancestorTitles":["calculatePhaseFromCycleLength","variable cycle lengths"],"duration":0,"failing":false,"failureDetails":[],"failureMessages":[],"fullName":"calculatePhaseFromCycleLength variable cycle lengths cycle length 30: day 6 is follicular","invocations":1,"location":null,"numPassingAsserts":1,"retryReasons":[],"startAt":1775183787134,"status":"passed","title":"cycle length 30: day 6 is follicular"},{"ancestorTitles":["calculatePhaseFromCycleLength","variable cycle lengths"],"duration":1,"failing":false,"failureDetails":[],"failureMessages":[],"fullName":"calculatePhaseFromCycleLength variable cycle lengths cycle length 30: last day is luteal","invocations":1,"location":null,"numPassingAsserts":1,"retryReasons":[],"startAt":1775183787134,"status":"passed","title":"cycle length 30: last day is luteal"},{"ancestorTitles":["calculatePhaseFromCycleLength","variable cycle lengths"],"duration":0,"failing":false,"failureDetails":[],"failureMessages":[],"fullName":"calculatePhaseFromCycleLength variable cycle lengths cycle length 30: luteal phase is ~13 days","invocations":1,"location":null,"numPassingAsserts":2,"retryReasons":[],"startAt":1775183787135,"status":"passed","title":"cycle length 30: luteal phase is ~13 days"},{"ancestorTitles":["calculatePhaseFromCycleLength","variable cycle lengths"],"duration":1,"failing":false,"failureDetails":[],"failureMessages":[],"fullName":"calculatePhaseFromCycleLength variable cycle lengths cycle length 32: day 1 is always menstrual","invocations":1,"location":null,"numPassingAsserts":1,"retryReasons":[],"startAt":1775183787135,"status":"passed","title":"cycle length 32: day 1 is always menstrual"},{"ancestorTitles":["calculatePhaseFromCycleLength","variable cycle lengths"],"duration":0,"failing":false,"failureDetails":[],"failureMessages":[],"fullName":"calculatePhaseFromCycleLength variable cycle lengths cycle length 32: day 5 is always menstrual","invocations":1,"location":null,"numPassingAsserts":1,"retryReasons":[],"startAt":1775183787136,"status":"passed","title":"cycle length 32: day 5 is always menstrual"},{"ancestorTitles":["calculatePhaseFromCycleLength","variable cycle lengths"],"duration":0,"failing":false,"failureDetails":[],"failureMessages":[],"fullName":"calculatePhaseFromCycleLength variable cycle lengths cycle length 32: day 6 is follicular","invocations":1,"location":null,"numPassingAsserts":1,"retryReasons":[],"startAt":1775183787136,"status":"passed","title":"cycle length 32: day 6 is follicular"},{"ancestorTitles":["calculatePhaseFromCycleLength","variable cycle lengths"],"duration":0,"failing":false,"failureDetails":[],"failureMessages":[],"fullName":"calculatePhaseFromCycleLength variable cycle lengths cycle length 32: last day is luteal","invocations":1,"location":null,"numPassingAsserts":1,"retryReasons":[],"startAt":1775183787136,"status":"passed","title":"cycle length 32: last day is luteal"},{"ancestorTitles":["calculatePhaseFromCycleLength","variable cycle lengths"],"duration":1,"failing":false,"failureDetails":[],"failureMessages":[],"fullName":"calculatePhaseFromCycleLength variable cycle lengths cycle length 32: luteal phase is ~13 days","invocations":1,"location":null,"numPassingAsserts":2,"retryReasons":[],"startAt":1775183787136,"status":"passed","title":"cycle length 32: luteal phase is ~13 days"},{"ancestorTitles":["calculatePhaseFromCycleLength","variable cycle lengths"],"duration":0,"failing":false,"failureDetails":[],"failureMessages":[],"fullName":"calculatePhaseFromCycleLength variable cycle lengths cycle length 35: day 1 is always menstrual","invocations":1,"location":null,"numPassingAsserts":1,"retryReasons":[],"startAt":1775183787137,"status":"passed","title":"cycle length 35: day 1 is always menstrual"},{"ancestorTitles":["calculatePhaseFromCycleLength","variable cycle lengths"],"duration":0,"failing":false,"failureDetails":[],"failureMessages":[],"fullName":"calculatePhaseFromCycleLength variable cycle lengths cycle length 35: day 5 is always menstrual","invocations":1,"location":null,"numPassingAsserts":1,"retryReasons":[],"startAt":1775183787137,"status":"passed","title":"cycle length 35: day 5 is always menstrual"},{"ancestorTitles":["calculatePhaseFromCycleLength","variable cycle lengths"],"duration":0,"failing":false,"failureDetails":[],"failureMessages":[],"fullName":"calculatePhaseFromCycleLength variable cycle lengths cycle length 35: day 6 is follicular","invocations":1,"location":null,"numPassingAsserts":1,"retryReasons":[],"startAt":1775183787137,"status":"passed","title":"cycle length 35: day 6 is follicular"},{"ancestorTitles":["calculatePhaseFromCycleLength","variable cycle lengths"],"duration":1,"failing":false,"failureDetails":[],"failureMessages":[],"fullName":"calculatePhaseFromCycleLength variable cycle lengths cycle length 35: last day is luteal","invocations":1,"location":null,"numPassingAsserts":1,"retryReasons":[],"startAt":1775183787137,"status":"passed","title":"cycle length 35: last day is luteal"},{"ancestorTitles":["calculatePhaseFromCycleLength","variable cycle lengths"],"duration":1,"failing":false,"failureDetails":[],"failureMessages":[],"fullName":"calculatePhaseFromCycleLength variable cycle lengths cycle length 35: luteal phase is ~13 days","invocations":1,"location":null,"numPassingAsserts":2,"retryReasons":[],"startAt":1775183787138,"status":"passed","title":"cycle length 35: luteal phase is ~13 days"},{"ancestorTitles":["calculatePhaseFromCycleLength","variable cycle lengths"],"duration":1,"failing":false,"failureDetails":[],"failureMessages":[],"fullName":"calculatePhaseFromCycleLength variable cycle lengths cycle length 40: day 1 is always menstrual","invocations":1,"location":null,"numPassingAsserts":1,"retryReasons":[],"startAt":1775183787139,"status":"passed","title":"cycle length 40: day 1 is always menstrual"},{"ancestorTitles":["calculatePhaseFromCycleLength","variable cycle lengths"],"duration":1,"failing":false,"failureDetails":[],"failureMessages":[],"fullName":"calculatePhaseFromCycleLength variable cycle lengths cycle length 40: day 5 is always menstrual","invocations":1,"location":null,"numPassingAsserts":1,"retryReasons":[],"startAt":1775183787140,"status":"passed","title":"cycle length 40: day 5 is always menstrual"},{"ancestorTitles":["calculatePhaseFromCycleLength","variable cycle lengths"],"duration":0,"failing":false,"failureDetails":[],"failureMessages":[],"fullName":"calculatePhaseFromCycleLength variable cycle lengths cycle length 40: day 6 is follicular","invocations":1,"location":null,"numPassingAsserts":1,"retryReasons":[],"startAt":1775183787141,"status":"passed","title":"cycle length 40: day 6 is follicular"},{"ancestorTitles":["calculatePhaseFromCycleLength","variable cycle lengths"],"duration":1,"failing":false,"failureDetails":[],"failureMessages":[],"fullName":"calculatePhaseFromCycleLength variable cycle lengths cycle length 40: last day is luteal","invocations":1,"location":null,"numPassingAsserts":1,"retryReasons":[],"startAt":1775183787141,"status":"passed","title":"cycle length 40: last day is luteal"},{"ancestorTitles":["calculatePhaseFromCycleLength","variable cycle lengths"],"duration":0,"failing":false,"failureDetails":[],"failureMessages":[],"fullName":"calculatePhaseFromCycleLength variable cycle lengths cycle length 40: luteal phase is ~13 days","invocations":1,"location":null,"numPassingAsserts":2,"retryReasons":[],"startAt":1775183787142,"status":"passed","title":"cycle length 40: luteal phase is ~13 days"},{"ancestorTitles":["calculatePhaseFromCycleLength","variable cycle lengths"],"duration":0,"failing":false,"failureDetails":[],"failureMessages":[],"fullName":"calculatePhaseFromCycleLength variable cycle lengths cycle length 45: day 1 is always menstrual","invocations":1,"location":null,"numPassingAsserts":1,"retryReasons":[],"startAt":1775183787143,"status":"passed","title":"cycle length 45: day 1 is always menstrual"},{"ancestorTitles":["calculatePhaseFromCycleLength","variable cycle lengths"],"duration":1,"failing":false,"failureDetails":[],"failureMessages":[],"fullName":"calculatePhaseFromCycleLength variable cycle lengths cycle length 45: day 5 is always menstrual","invocations":1,"location":null,"numPassingAsserts":1,"retryReasons":[],"startAt":1775183787143,"status":"passed","title":"cycle length 45: day 5 is always menstrual"},{"ancestorTitles":["calculatePhaseFromCycleLength","variable cycle lengths"],"duration":0,"failing":false,"failureDetails":[],"failureMessages":[],"fullName":"calculatePhaseFromCycleLength variable cycle lengths cycle length 45: day 6 is follicular","invocations":1,"location":null,"numPassingAsserts":1,"retryReasons":[],"startAt":1775183787144,"status":"passed","title":"cycle length 45: day 6 is follicular"},{"ancestorTitles":["calculatePhaseFromCycleLength","variable cycle lengths"],"duration":1,"failing":false,"failureDetails":[],"failureMessages":[],"fullName":"calculatePhaseFromCycleLength variable cycle lengths cycle length 45: last day is luteal","invocations":1,"location":null,"numPassingAsserts":1,"retryReasons":[],"startAt":1775183787144,"status":"passed","title":"cycle length 45: last day is luteal"},{"ancestorTitles":["calculatePhaseFromCycleLength","variable cycle lengths"],"duration":1,"failing":false,"failureDetails":[],"failureMessages":[],"fullName":"calculatePhaseFromCycleLength variable cycle lengths cycle length 45: luteal phase is ~13 days","invocations":1,"location":null,"numPassingAsserts":2,"retryReasons":[],"startAt":1775183787145,"status":"passed","title":"cycle length 45: luteal phase is ~13 days"},{"ancestorTitles":["calculatePhaseFromCycleLength","hormonal mode"],"duration":3,"failing":false,"failureDetails":[],"failureMessages":[],"fullName":"calculatePhaseFromCycleLength hormonal mode days 1–5 are menstrual","invocations":1,"location":null,"numPassingAsserts":5,"retryReasons":[],"startAt":1775183787146,"status":"passed","title":"days 1–5 are menstrual"},{"ancestorTitles":["calculatePhaseFromCycleLength","hormonal mode"],"duration":3,"failing":false,"failureDetails":[],"failureMessages":[],"fullName":"calculatePhaseFromCycleLength hormonal mode days 6+ are all follicular","invocations":1,"location":null,"numPassingAsserts":23,"retryReasons":[],"startAt":1775183787149,"status":"passed","title":"days 6+ are all follicular"},{"ancestorTitles":["calculatePhaseFromCycleLength","hormonal mode"],"duration":4,"failing":false,"failureDetails":[],"failureMessages":[],"fullName":"calculatePhaseFromCycleLength hormonal mode no ovulation or luteal phase exists","invocations":1,"location":null,"numPassingAsserts":56,"retryReasons":[],"startAt":1775183787152,"status":"passed","title":"no ovulation or luteal phase exists"},{"ancestorTitles":["phase boundary scaling"],"duration":0,"failing":false,"failureDetails":[],"failureMessages":[],"fullName":"phase boundary scaling short cycle (21 days): ovulation starts at day 6 minimum","invocations":1,"location":null,"numPassingAsserts":1,"retryReasons":[],"startAt":1775183787156,"status":"passed","title":"short cycle (21 days): ovulation starts at day 6 minimum"},{"ancestorTitles":["phase boundary scaling"],"duration":0,"failing":false,"failureDetails":[],"failureMessages":[],"fullName":"phase boundary scaling long cycle (45 days): luteal starts at day 32","invocations":1,"location":null,"numPassingAsserts":2,"retryReasons":[],"startAt":1775183787156,"status":"passed","title":"long cycle (45 days): luteal starts at day 32"},{"ancestorTitles":["phase boundary scaling"],"duration":124,"failing":false,"failureDetails":[],"failureMessages":[],"fullName":"phase boundary scaling every cycle length has all 4 phases in natural mode","invocations":1,"location":null,"numPassingAsserts":100,"retryReasons":[],"startAt":1775183787156,"status":"passed","title":"every cycle length has all 4 phases in natural mode"},{"ancestorTitles":["utcDayDiff"],"duration":0,"failing":false,"failureDetails":[],"failureMessages":[],"fullName":"utcDayDiff same day returns 0","invocations":1,"location":null,"numPassingAsserts":1,"retryReasons":[],"startAt":1775183787286,"status":"passed","title":"same day returns 0"},{"ancestorTitles":["utcDayDiff"],"duration":1,"failing":false,"failureDetails":[],"failureMessages":[],"fullName":"utcDayDiff one day apart returns 1","invocations":1,"location":null,"numPassingAsserts":1,"retryReasons":[],"startAt":1775183787286,"status":"passed","title":"one day apart returns 1"},{"ancestorTitles":["utcDayDiff"],"duration":0,"failing":false,"failureDetails":[],"failureMessages":[],"fullName":"utcDayDiff ignores time component","invocations":1,"location":null,"numPassingAsserts":1,"retryReasons":[],"startAt":1775183787287,"status":"passed","title":"ignores time component"},{"ancestorTitles":["utcDayDiff"],"duration":1,"failing":false,"failureDetails":[],"failureMessages":[],"fullName":"utcDayDiff negative when a is before b","invocations":1,"location":null,"numPassingAsserts":1,"retryReasons":[],"startAt":1775183787287,"status":"passed","title":"negative when a is before b"},{"ancestorTitles":["calculateCycleInfo"],"duration":3,"failing":false,"failureDetails":[],"failureMessages":[],"fullName":"calculateCycleInfo returns correct cycle day","invocations":1,"location":null,"numPassingAsserts":1,"retryReasons":[],"startAt":1775183787288,"status":"passed","title":"returns correct cycle day"},{"ancestorTitles":["calculateCycleInfo"],"duration":0,"failing":false,"failureDetails":[],"failureMessages":[],"fullName":"calculateCycleInfo daysUntilNextPeriod = cycleLength - currentDay + 1","invocations":1,"location":null,"numPassingAsserts":1,"retryReasons":[],"startAt":1775183787291,"status":"passed","title":"daysUntilNextPeriod = cycleLength - currentDay + 1"},{"ancestorTitles":["calculateCycleInfo"],"duration":12,"failing":false,"failureDetails":[],"failureMessages":[],"fullName":"calculateCycleInfo cycleDay never exceeds cycleLength for dates within one cycle","invocations":1,"location":null,"numPassingAsserts":56,"retryReasons":[],"startAt":1775183787291,"status":"passed","title":"cycleDay never exceeds cycleLength for dates within one cycle"},{"ancestorTitles":["calculateCycleInfo"],"duration":11,"failing":false,"failureDetails":[{"matcherResult":{"actual":35,"expected":7,"message":"expect(received).toBe(expected) // Object.is equality\n\nExpected: 7\nReceived: 35","name":"toBe","pass":false}}],"failureMessages":["Error: expect(received).toBe(expected) // Object.is equality\n\nExpected: 7\nReceived: 35\n    at Object.<anonymous> (/Users/abhirajsinha/Projects/vyana-backend/tests/units/cycleEngine.test.ts:192:31)\n    at Promise.finally.completed (/Users/abhirajsinha/Projects/vyana-backend/node_modules/jest-circus/build/jestAdapterInit.js:1557:28)\n    at new Promise (<anonymous>)\n    at callAsyncCircusFn (/Users/abhirajsinha/Projects/vyana-backend/node_modules/jest-circus/build/jestAdapterInit.js:1497:10)\n    at _callCircusTest (/Users/abhirajsinha/Projects/vyana-backend/node_modules/jest-circus/build/jestAdapterInit.js:1007:40)\n    at processTicksAndRejections (node:internal/process/task_queues:95:5)\n    at _runTest (/Users/abhirajsinha/Projects/vyana-backend/node_modules/jest-circus/build/jestAdapterInit.js:947:3)\n    at /Users/abhirajsinha/Projects/vyana-backend/node_modules/jest-circus/build/jestAdapterInit.js:849:7\n    at _runTestsForDescribeBlock (/Users/abhirajsinha/Projects/vyana-backend/node_modules/jest-circus/build/jestAdapterInit.js:862:11)\n    at _runTestsForDescribeBlock (/Users/abhirajsinha/Projects/vyana-backend/node_modules/jest-circus/build/jestAdapterInit.js:857:11)\n    at run (/Users/abhirajsinha/Projects/vyana-backend/node_modules/jest-circus/build/jestAdapterInit.js:761:3)\n    at runAndTransformResultsToJestFormat (/Users/abhirajsinha/Projects/vyana-backend/node_modules/jest-circus/build/jestAdapterInit.js:1918:21)\n    at jestAdapter (/Users/abhirajsinha/Projects/vyana-backend/node_modules/jest-circus/build/runner.js:101:19)\n    at runTestInternal (/Users/abhirajsinha/Projects/vyana-backend/node_modules/jest-runner/build/testWorker.js:275:16)\n    at runTest (/Users/abhirajsinha/Projects/vyana-backend/node_modules/jest-runner/build/testWorker.js:343:7)\n    at Object.worker (/Users/abhirajsinha/Projects/vyana-backend/node_modules/jest-runner/build/testWorker.js:497:12)"],"fullName":"calculateCycleInfo wraps correctly for dates beyond one cycle","invocations":1,"location":null,"numPassingAsserts":0,"retryReasons":[],"startAt":1775183787303,"status":"failed","title":"wraps correctly for dates beyond one cycle"},{"ancestorTitles":["getCycleMode"],"duration":0,"failing":false,"failureDetails":[],"failureMessages":[],"fullName":"getCycleMode returns hormonal for pill users","invocations":1,"location":null,"numPassingAsserts":1,"retryReasons":[],"startAt":1775183787410,"status":"passed","title":"returns hormonal for pill users"},{"ancestorTitles":["getCycleMode"],"duration":0,"failing":false,"failureDetails":[],"failureMessages":[],"fullName":"getCycleMode returns hormonal for iud_hormonal","invocations":1,"location":null,"numPassingAsserts":1,"retryReasons":[],"startAt":1775183787410,"status":"passed","title":"returns hormonal for iud_hormonal"},{"ancestorTitles":["getCycleMode"],"duration":0,"failing":false,"failureDetails":[],"failureMessages":[],"fullName":"getCycleMode returns hormonal for implant","invocations":1,"location":null,"numPassingAsserts":1,"retryReasons":[],"startAt":1775183787410,"status":"passed","title":"returns hormonal for implant"},{"ancestorTitles":["getCycleMode"],"duration":0,"failing":false,"failureDetails":[],"failureMessages":[],"fullName":"getCycleMode returns hormonal for injection","invocations":1,"location":null,"numPassingAsserts":1,"retryReasons":[],"startAt":1775183787410,"status":"passed","title":"returns hormonal for injection"},{"ancestorTitles":["getCycleMode"],"duration":0,"failing":false,"failureDetails":[],"failureMessages":[],"fullName":"getCycleMode returns hormonal for combined_pill, mini_pill, patch, ring (same as contraception engine)","invocations":1,"location":null,"numPassingAsserts":4,"retryReasons":[],"startAt":1775183787411,"status":"passed","title":"returns hormonal for combined_pill, mini_pill, patch, ring (same as contraception engine)"},{"ancestorTitles":["getCycleMode"],"duration":0,"failing":false,"failureDetails":[],"failureMessages":[],"fullName":"getCycleMode returns natural for no contraception","invocations":1,"location":null,"numPassingAsserts":1,"retryReasons":[],"startAt":1775183787411,"status":"passed","title":"returns natural for no contraception"},{"ancestorTitles":["getCycleMode"],"duration":0,"failing":false,"failureDetails":[],"failureMessages":[],"fullName":"getCycleMode returns natural for condom/barrier","invocations":1,"location":null,"numPassingAsserts":1,"retryReasons":[],"startAt":1775183787411,"status":"passed","title":"returns natural for condom/barrier"},{"ancestorTitles":["getCycleMode"],"duration":0,"failing":false,"failureDetails":[],"failureMessages":[],"fullName":"getCycleMode returns natural for iud_copper","invocations":1,"location":null,"numPassingAsserts":1,"retryReasons":[],"startAt":1775183787411,"status":"passed","title":"returns natural for iud_copper"},{"ancestorTitles":["getCycleMode"],"duration":1,"failing":false,"failureDetails":[],"failureMessages":[],"fullName":"getCycleMode returns irregular for irregular regularity","invocations":1,"location":null,"numPassingAsserts":1,"retryReasons":[],"startAt":1775183787411,"status":"passed","title":"returns irregular for irregular regularity"},{"ancestorTitles":["getCycleMode"],"duration":0,"failing":false,"failureDetails":[],"failureMessages":[],"fullName":"getCycleMode hormonal overrides irregular","invocations":1,"location":null,"numPassingAsserts":1,"retryReasons":[],"startAt":1775183787412,"status":"passed","title":"hormonal overrides irregular"},{"ancestorTitles":["detectCycleIrregularity"],"duration":0,"failing":false,"failureDetails":[],"failureMessages":[],"fullName":"detectCycleIrregularity single cycle: not irregular, unknown confidence","invocations":1,"location":null,"numPassingAsserts":2,"retryReasons":[],"startAt":1775183787412,"status":"passed","title":"single cycle: not irregular, unknown confidence"},{"ancestorTitles":["detectCycleIrregularity"],"duration":0,"failing":false,"failureDetails":[],"failureMessages":[],"fullName":"detectCycleIrregularity consistent cycles: reliable","invocations":1,"location":null,"numPassingAsserts":2,"retryReasons":[],"startAt":1775183787412,"status":"passed","title":"consistent cycles: reliable"},{"ancestorTitles":["detectCycleIrregularity"],"duration":0,"failing":false,"failureDetails":[],"failureMessages":[],"fullName":"detectCycleIrregularity variable cycles (8-day spread): variable confidence","invocations":1,"location":null,"numPassingAsserts":1,"retryReasons":[],"startAt":1775183787412,"status":"passed","title":"variable cycles (8-day spread): variable confidence"},{"ancestorTitles":["detectCycleIrregularity"],"duration":0,"failing":false,"failureDetails":[],"failureMessages":[],"fullName":"detectCycleIrregularity very irregular (15+ day spread): irregular confidence","invocations":1,"location":null,"numPassingAsserts":2,"retryReasons":[],"startAt":1775183787412,"status":"passed","title":"very irregular (15+ day spread): irregular confidence"},{"ancestorTitles":["detectCycleIrregularity"],"duration":0,"failing":false,"failureDetails":[],"failureMessages":[],"fullName":"detectCycleIrregularity avgLength is rounded","invocations":1,"location":null,"numPassingAsserts":1,"retryReasons":[],"startAt":1775183787412,"status":"passed","title":"avgLength is rounded"},{"ancestorTitles":["getDaysUntilNextPhase"],"duration":0,"failing":false,"failureDetails":[],"failureMessages":[],"fullName":"getDaysUntilNextPhase menstrual day 3: 3 days until follicular","invocations":1,"location":null,"numPassingAsserts":1,"retryReasons":[],"startAt":1775183787413,"status":"passed","title":"menstrual day 3: 3 days until follicular"},{"ancestorTitles":["getDaysUntilNextPhase"],"duration":0,"failing":false,"failureDetails":[],"failureMessages":[],"fullName":"getDaysUntilNextPhase last day of menstrual: 1 day until follicular","invocations":1,"location":null,"numPassingAsserts":1,"retryReasons":[],"startAt":1775183787413,"status":"passed","title":"last day of menstrual: 1 day until follicular"},{"ancestorTitles":["getDaysUntilNextPhase"],"duration":1,"failing":false,"failureDetails":[],"failureMessages":[],"fullName":"getDaysUntilNextPhase last day of luteal: 1 day until next period","invocations":1,"location":null,"numPassingAsserts":1,"retryReasons":[],"startAt":1775183787413,"status":"passed","title":"last day of luteal: 1 day until next period"},{"ancestorTitles":["getDaysUntilNextPhase"],"duration":3,"failing":false,"failureDetails":[],"failureMessages":[],"fullName":"getDaysUntilNextPhase never returns negative","invocations":1,"location":null,"numPassingAsserts":28,"retryReasons":[],"startAt":1775183787414,"status":"passed","title":"never returns negative"}],"endTime":1775183787436,"message":"  ● calculateCycleInfo › wraps correctly for dates beyond one cycle\n\n    expect(received).toBe(expected) // Object.is equality\n\n    Expected: 7\n    Received: 35\n\n      190 |       lastPeriod.setDate(lastPeriod.getDate() - 34); // 35 days ago (day 35)\n      191 |       const info = calculateCycleInfo(lastPeriod, 28, \"natural\");\n    > 192 |       expect(info.currentDay).toBe(7); // (34 % 28) + 1 = 7\n          |                               ^\n      193 |     });\n      194 |   });\n      195 |   \n\n      at Object.<anonymous> (tests/units/cycleEngine.test.ts:192:31)\n","name":"/Users/abhirajsinha/Projects/vyana-backend/tests/units/cycleEngine.test.ts","startTime":1775183779597,"status":"failed","summary":""},{"assertionResults":[],"coverage":{},"endTime":1775183880094,"message":"  ● Test suite failed to run\n\n    A jest worker process (pid=58192) crashed for an unknown reason: exitCode=0\n\n      at ChildProcessWorker._onExit (node_modules/jest-worker/build/index.js:968:23)\n","name":"/Users/abhirajsinha/Projects/vyana-backend/tests/insightGuard.test.ts","startTime":1775183880094,"status":"failed","summary":""},{"assertionResults":[],"coverage":{},"endTime":1775183880094,"message":"  ● Test suite failed to run\n\n    A jest worker process (pid=58193) crashed for an unknown reason: exitCode=0\n\n      at ChildProcessWorker._onExit (node_modules/jest-worker/build/index.js:968:23)\n","name":"/Users/abhirajsinha/Projects/vyana-backend/tests/insightGuard.edge.test.ts","startTime":1775183880094,"status":"failed","summary":""},{"assertionResults":[{"ancestorTitles":["fuzz testing: 200 random user timelines"],"duration":67,"failing":false,"failureDetails":[],"failureMessages":[],"fullName":"fuzz testing: 200 random user timelines FUZZ_0001: cycle 36d, day 17, 12 logs","invocations":1,"location":null,"numPassingAsserts":23,"retryReasons":[],"startAt":1775183787064,"status":"passed","title":"FUZZ_0001: cycle 36d, day 17, 12 logs"},{"ancestorTitles":["fuzz testing: 200 random user timelines"],"duration":5,"failing":false,"failureDetails":[],"failureMessages":[],"fullName":"fuzz testing: 200 random user timelines FUZZ_0002: cycle 37d, day 7, 7 logs","invocations":1,"location":null,"numPassingAsserts":23,"retryReasons":[],"startAt":1775183787131,"status":"passed","title":"FUZZ_0002: cycle 37d, day 7, 7 logs"},{"ancestorTitles":["fuzz testing: 200 random user timelines"],"duration":53,"failing":false,"failureDetails":[],"failureMessages":[],"fullName":"fuzz testing: 200 random user timelines FUZZ_0003: cycle 27d, day 17, 12 logs","invocations":1,"location":null,"numPassingAsserts":23,"retryReasons":[],"startAt":1775183787136,"status":"passed","title":"FUZZ_0003: cycle 27d, day 17, 12 logs"},{"ancestorTitles":["fuzz testing: 200 random user timelines"],"duration":14,"failing":false,"failureDetails":[],"failureMessages":[],"fullName":"fuzz testing: 200 random user timelines FUZZ_0004: cycle 32d, day 8, 13 logs","invocations":1,"location":null,"numPassingAsserts":23,"retryReasons":[],"startAt":1775183787190,"status":"passed","title":"FUZZ_0004: cycle 32d, day 8, 13 logs"},{"ancestorTitles":["fuzz testing: 200 random user timelines"],"duration":75,"failing":false,"failureDetails":[],"failureMessages":[],"fullName":"fuzz testing: 200 random user timelines FUZZ_0005: cycle 39d, day 12, 2 logs","invocations":1,"location":null,"numPassingAsserts":23,"retryReasons":[],"startAt":1775183787204,"status":"passed","title":"FUZZ_0005: cycle 39d, day 12, 2 logs"},{"ancestorTitles":["fuzz testing: 200 random user timelines"],"duration":2,"failing":false,"failureDetails":[],"failureMessages":[],"fullName":"fuzz testing: 200 random user timelines FUZZ_0006: cycle 33d, day 23, 9 logs","invocations":1,"location":null,"numPassingAsserts":23,"retryReasons":[],"startAt":1775183787280,"status":"passed","title":"FUZZ_0006: cycle 33d, day 23, 9 logs"},{"ancestorTitles":["fuzz testing: 200 random user timelines"],"duration":6,"failing":false,"failureDetails":[],"failureMessages":[],"fullName":"fuzz testing: 200 random user timelines FUZZ_0007: cycle 21d, day 10, 12 logs","invocations":1,"location":null,"numPassingAsserts":23,"retryReasons":[],"startAt":1775183787282,"status":"passed","title":"FUZZ_0007: cycle 21d, day 10, 12 logs"},{"ancestorTitles":["fuzz testing: 200 random user timelines"],"duration":2,"failing":false,"failureDetails":[],"failureMessages":[],"fullName":"fuzz testing: 200 random user timelines FUZZ_0008: cycle 22d, day 14, 0 logs","invocations":1,"location":null,"numPassingAsserts":23,"retryReasons":[],"startAt":1775183787288,"status":"passed","title":"FUZZ_0008: cycle 22d, day 14, 0 logs"},{"ancestorTitles":["fuzz testing: 200 random user timelines"],"duration":10,"failing":false,"failureDetails":[],"failureMessages":[],"fullName":"fuzz testing: 200 random user timelines FUZZ_0009: cycle 27d, day 2, 2 logs","invocations":1,"location":null,"numPassingAsserts":23,"retryReasons":[],"startAt":1775183787290,"status":"passed","title":"FUZZ_0009: cycle 27d, day 2, 2 logs"},{"ancestorTitles":["fuzz testing: 200 random user timelines"],"duration":3,"failing":false,"failureDetails":[],"failureMessages":[],"fullName":"fuzz testing: 200 random user timelines FUZZ_0010: cycle 40d, day 22, 0 logs","invocations":1,"location":null,"numPassingAsserts":23,"retryReasons":[],"startAt":1775183787300,"status":"passed","title":"FUZZ_0010: cycle 40d, day 22, 0 logs"},{"ancestorTitles":["fuzz testing: 200 random user timelines"],"duration":9,"failing":false,"failureDetails":[],"failureMessages":[],"fullName":"fuzz testing: 200 random user timelines FUZZ_0011: cycle 25d, day 22, 7 logs","invocations":1,"location":null,"numPassingAsserts":23,"retryReasons":[],"startAt":1775183787304,"status":"passed","title":"FUZZ_0011: cycle 25d, day 22, 7 logs"},{"ancestorTitles":["fuzz testing: 200 random user timelines"],"duration":66,"failing":false,"failureDetails":[],"failureMessages":[],"fullName":"fuzz testing: 200 random user timelines FUZZ_0012: cycle 41d, day 14, 6 logs","invocations":1,"location":null,"numPassingAsserts":23,"retryReasons":[],"startAt":1775183787313,"status":"passed","title":"FUZZ_0012: cycle 41d, day 14, 6 logs"},{"ancestorTitles":["fuzz testing: 200 random user timelines"],"duration":4,"failing":false,"failureDetails":[],"failureMessages":[],"fullName":"fuzz testing: 200 random user timelines FUZZ_0013: cycle 21d, day 2, 8 logs","invocations":1,"location":null,"numPassingAsserts":23,"retryReasons":[],"startAt":1775183787379,"status":"passed","title":"FUZZ_0013: cycle 21d, day 2, 8 logs"},{"ancestorTitles":["fuzz testing: 200 random user timelines"],"duration":1,"failing":false,"failureDetails":[],"failureMessages":[],"fullName":"fuzz testing: 200 random user timelines FUZZ_0014: cycle 35d, day 9, 9 logs","invocations":1,"location":null,"numPassingAsserts":23,"retryReasons":[],"startAt":1775183787383,"status":"passed","title":"FUZZ_0014: cycle 35d, day 9, 9 logs"},{"ancestorTitles":["fuzz testing: 200 random user timelines"],"duration":1,"failing":false,"failureDetails":[],"failureMessages":[],"fullName":"fuzz testing: 200 random user timelines FUZZ_0015: cycle 26d, day 8, 11 logs","invocations":1,"location":null,"numPassingAsserts":23,"retryReasons":[],"startAt":1775183787384,"status":"passed","title":"FUZZ_0015: cycle 26d, day 8, 11 logs"},{"ancestorTitles":["fuzz testing: 200 random user timelines"],"duration":1,"failing":false,"failureDetails":[],"failureMessages":[],"fullName":"fuzz testing: 200 random user timelines FUZZ_0016: cycle 42d, day 22, 3 logs","invocations":1,"location":null,"numPassingAsserts":23,"retryReasons":[],"startAt":1775183787385,"status":"passed","title":"FUZZ_0016: cycle 42d, day 22, 3 logs"},{"ancestorTitles":["fuzz testing: 200 random user timelines"],"duration":2,"failing":false,"failureDetails":[],"failureMessages":[],"fullName":"fuzz testing: 200 random user timelines FUZZ_0017: cycle 28d, day 9, 1 logs","invocations":1,"location":null,"numPassingAsserts":23,"retryReasons":[],"startAt":1775183787386,"status":"passed","title":"FUZZ_0017: cycle 28d, day 9, 1 logs"},{"ancestorTitles":["fuzz testing: 200 random user timelines"],"duration":3,"failing":false,"failureDetails":[],"failureMessages":[],"fullName":"fuzz testing: 200 random user timelines FUZZ_0018: cycle 37d, day 26, 10 logs","invocations":1,"location":null,"numPassingAsserts":23,"retryReasons":[],"startAt":1775183787388,"status":"passed","title":"FUZZ_0018: cycle 37d, day 26, 10 logs"},{"ancestorTitles":["fuzz testing: 200 random user timelines"],"duration":4,"failing":false,"failureDetails":[],"failureMessages":[],"fullName":"fuzz testing: 200 random user timelines FUZZ_0019: cycle 44d, day 4, 14 logs","invocations":1,"location":null,"numPassingAsserts":23,"retryReasons":[],"startAt":1775183787391,"status":"passed","title":"FUZZ_0019: cycle 44d, day 4, 14 logs"},{"ancestorTitles":["fuzz testing: 200 random user timelines"],"duration":3,"failing":false,"failureDetails":[],"failureMessages":[],"fullName":"fuzz testing: 200 random user timelines FUZZ_0020: cycle 31d, day 30, 2 logs","invocations":1,"location":null,"numPassingAsserts":23,"retryReasons":[],"startAt":1775183787395,"status":"passed","title":"FUZZ_0020: cycle 31d, day 30, 2 logs"},{"ancestorTitles":["fuzz testing: 200 random user timelines"],"duration":60,"failing":false,"failureDetails":[],"failureMessages":[],"fullName":"fuzz testing: 200 random user timelines FUZZ_0021: cycle 23d, day 1, 5 logs","invocations":1,"location":null,"numPassingAsserts":23,"retryReasons":[],"startAt":1775183787398,"status":"passed","title":"FUZZ_0021: cycle 23d, day 1, 5 logs"},{"ancestorTitles":["fuzz testing: 200 random user timelines"],"duration":8,"failing":false,"failureDetails":[],"failureMessages":[],"fullName":"fuzz testing: 200 random user timelines FUZZ_0022: cycle 33d, day 21, 13 logs","invocations":1,"location":null,"numPassingAsserts":23,"retryReasons":[],"startAt":1775183787460,"status":"passed","title":"FUZZ_0022: cycle 33d, day 21, 13 logs"},{"ancestorTitles":["fuzz testing: 200 random user timelines"],"duration":21,"failing":false,"failureDetails":[],"failureMessages":[],"fullName":"fuzz testing: 200 random user timelines FUZZ_0023: cycle 22d, day 16, 14 logs","invocations":1,"location":null,"numPassingAsserts":23,"retryReasons":[],"startAt":1775183787469,"status":"passed","title":"FUZZ_0023: cycle 22d, day 16, 14 logs"},{"ancestorTitles":["fuzz testing: 200 random user timelines"],"duration":4,"failing":false,"failureDetails":[],"failureMessages":[],"fullName":"fuzz testing: 200 random user timelines FUZZ_0024: cycle 27d, day 20, 2 logs","invocations":1,"location":null,"numPassingAsserts":23,"retryReasons":[],"startAt":1775183787490,"status":"passed","title":"FUZZ_0024: cycle 27d, day 20, 2 logs"},{"ancestorTitles":["fuzz testing: 200 random user timelines"],"duration":2,"failing":false,"failureDetails":[],"failureMessages":[],"fullName":"fuzz testing: 200 random user timelines FUZZ_0025: cycle 34d, day 28, 1 logs","invocations":1,"location":null,"numPassingAsserts":23,"retryReasons":[],"startAt":1775183787495,"status":"passed","title":"FUZZ_0025: cycle 34d, day 28, 1 logs"},{"ancestorTitles":["fuzz testing: 200 random user timelines"],"duration":1,"failing":false,"failureDetails":[],"failureMessages":[],"fullName":"fuzz testing: 200 random user timelines FUZZ_0026: cycle 45d, day 26, 13 logs","invocations":1,"location":null,"numPassingAsserts":23,"retryReasons":[],"startAt":1775183787497,"status":"passed","title":"FUZZ_0026: cycle 45d, day 26, 13 logs"},{"ancestorTitles":["fuzz testing: 200 random user timelines"],"duration":3,"failing":false,"failureDetails":[],"failureMessages":[],"fullName":"fuzz testing: 200 random user timelines FUZZ_0027: cycle 31d, day 18, 5 logs","invocations":1,"location":null,"numPassingAsserts":23,"retryReasons":[],"startAt":1775183787498,"status":"passed","title":"FUZZ_0027: cycle 31d, day 18, 5 logs"},{"ancestorTitles":["fuzz testing: 200 random user timelines"],"duration":2,"failing":false,"failureDetails":[],"failureMessages":[],"fullName":"fuzz testing: 200 random user timelines FUZZ_0028: cycle 35d, day 12, 10 logs","invocations":1,"location":null,"numPassingAsserts":23,"retryReasons":[],"startAt":1775183787501,"status":"passed","title":"FUZZ_0028: cycle 35d, day 12, 10 logs"},{"ancestorTitles":["fuzz testing: 200 random user timelines"],"duration":2,"failing":false,"failureDetails":[],"failureMessages":[],"fullName":"fuzz testing: 200 random user timelines FUZZ_0029: cycle 28d, day 13, 12 logs","invocations":1,"location":null,"numPassingAsserts":23,"retryReasons":[],"startAt":1775183787503,"status":"passed","title":"FUZZ_0029: cycle 28d, day 13, 12 logs"},{"ancestorTitles":["fuzz testing: 200 random user timelines"],"duration":1,"failing":false,"failureDetails":[],"failureMessages":[],"fullName":"fuzz testing: 200 random user timelines FUZZ_0030: cycle 38d, day 38, 13 logs","invocations":1,"location":null,"numPassingAsserts":23,"retryReasons":[],"startAt":1775183787505,"status":"passed","title":"FUZZ_0030: cycle 38d, day 38, 13 logs"},{"ancestorTitles":["fuzz testing: 200 random user timelines"],"duration":1,"failing":false,"failureDetails":[],"failureMessages":[],"fullName":"fuzz testing: 200 random user timelines FUZZ_0031: cycle 31d, day 17, 4 logs","invocations":1,"location":null,"numPassingAsserts":23,"retryReasons":[],"startAt":1775183787506,"status":"passed","title":"FUZZ_0031: cycle 31d, day 17, 4 logs"},{"ancestorTitles":["fuzz testing: 200 random user timelines"],"duration":1,"failing":false,"failureDetails":[],"failureMessages":[],"fullName":"fuzz testing: 200 random user timelines FUZZ_0032: cycle 23d, day 17, 4 logs","invocations":1,"location":null,"numPassingAsserts":23,"retryReasons":[],"startAt":1775183787507,"status":"passed","title":"FUZZ_0032: cycle 23d, day 17, 4 logs"},{"ancestorTitles":["fuzz testing: 200 random user timelines"],"duration":1,"failing":false,"failureDetails":[],"failureMessages":[],"fullName":"fuzz testing: 200 random user timelines FUZZ_0033: cycle 40d, day 37, 1 logs","invocations":1,"location":null,"numPassingAsserts":23,"retryReasons":[],"startAt":1775183787508,"status":"passed","title":"FUZZ_0033: cycle 40d, day 37, 1 logs"},{"ancestorTitles":["fuzz testing: 200 random user timelines"],"duration":1,"failing":false,"failureDetails":[],"failureMessages":[],"fullName":"fuzz testing: 200 random user timelines FUZZ_0034: cycle 32d, day 27, 1 logs","invocations":1,"location":null,"numPassingAsserts":23,"retryReasons":[],"startAt":1775183787509,"status":"passed","title":"FUZZ_0034: cycle 32d, day 27, 1 logs"},{"ancestorTitles":["fuzz testing: 200 random user timelines"],"duration":3,"failing":false,"failureDetails":[],"failureMessages":[],"fullName":"fuzz testing: 200 random user timelines FUZZ_0035: cycle 45d, day 9, 10 logs","invocations":1,"location":null,"numPassingAsserts":23,"retryReasons":[],"startAt":1775183787510,"status":"passed","title":"FUZZ_0035: cycle 45d, day 9, 10 logs"},{"ancestorTitles":["fuzz testing: 200 random user timelines"],"duration":2,"failing":false,"failureDetails":[],"failureMessages":[],"fullName":"fuzz testing: 200 random user timelines FUZZ_0036: cycle 38d, day 9, 6 logs","invocations":1,"location":null,"numPassingAsserts":23,"retryReasons":[],"startAt":1775183787514,"status":"passed","title":"FUZZ_0036: cycle 38d, day 9, 6 logs"},{"ancestorTitles":["fuzz testing: 200 random user timelines"],"duration":1,"failing":false,"failureDetails":[],"failureMessages":[],"fullName":"fuzz testing: 200 random user timelines FUZZ_0037: cycle 25d, day 17, 5 logs","invocations":1,"location":null,"numPassingAsserts":23,"retryReasons":[],"startAt":1775183787516,"status":"passed","title":"FUZZ_0037: cycle 25d, day 17, 5 logs"},{"ancestorTitles":["fuzz testing: 200 random user timelines"],"duration":1,"failing":false,"failureDetails":[],"failureMessages":[],"fullName":"fuzz testing: 200 random user timelines FUZZ_0038: cycle 26d, day 17, 13 logs","invocations":1,"location":null,"numPassingAsserts":23,"retryReasons":[],"startAt":1775183787517,"status":"passed","title":"FUZZ_0038: cycle 26d, day 17, 13 logs"},{"ancestorTitles":["fuzz testing: 200 random user timelines"],"duration":2,"failing":false,"failureDetails":[],"failureMessages":[],"fullName":"fuzz testing: 200 random user timelines FUZZ_0039: cycle 29d, day 23, 5 logs","invocations":1,"location":null,"numPassingAsserts":23,"retryReasons":[],"startAt":1775183787518,"status":"passed","title":"FUZZ_0039: cycle 29d, day 23, 5 logs"},{"ancestorTitles":["fuzz testing: 200 random user timelines"],"duration":2,"failing":false,"failureDetails":[],"failureMessages":[],"fullName":"fuzz testing: 200 random user timelines FUZZ_0040: cycle 24d, day 21, 5 logs","invocations":1,"location":null,"numPassingAsserts":23,"retryReasons":[],"startAt":1775183787520,"status":"passed","title":"FUZZ_0040: cycle 24d, day 21, 5 logs"},{"ancestorTitles":["fuzz testing: 200 random user timelines"],"duration":11,"failing":false,"failureDetails":[],"failureMessages":[],"fullName":"fuzz testing: 200 random user timelines FUZZ_0041: cycle 21d, day 16, 9 logs","invocations":1,"location":null,"numPassingAsserts":23,"retryReasons":[],"startAt":1775183787522,"status":"passed","title":"FUZZ_0041: cycle 21d, day 16, 9 logs"},{"ancestorTitles":["fuzz testing: 200 random user timelines"],"duration":1,"failing":false,"failureDetails":[],"failureMessages":[],"fullName":"fuzz testing: 200 random user timelines FUZZ_0042: cycle 42d, day 39, 3 logs","invocations":1,"location":null,"numPassingAsserts":23,"retryReasons":[],"startAt":1775183787533,"status":"passed","title":"FUZZ_0042: cycle 42d, day 39, 3 logs"},{"ancestorTitles":["fuzz testing: 200 random user timelines"],"duration":13,"failing":false,"failureDetails":[],"failureMessages":[],"fullName":"fuzz testing: 200 random user timelines FUZZ_0043: cycle 36d, day 18, 2 logs","invocations":1,"location":null,"numPassingAsserts":23,"retryReasons":[],"startAt":1775183787534,"status":"passed","title":"FUZZ_0043: cycle 36d, day 18, 2 logs"},{"ancestorTitles":["fuzz testing: 200 random user timelines"],"duration":3,"failing":false,"failureDetails":[],"failureMessages":[],"fullName":"fuzz testing: 200 random user timelines FUZZ_0044: cycle 22d, day 16, 10 logs","invocations":1,"location":null,"numPassingAsserts":23,"retryReasons":[],"startAt":1775183787547,"status":"passed","title":"FUZZ_0044: cycle 22d, day 16, 10 logs"},{"ancestorTitles":["fuzz testing: 200 random user timelines"],"duration":5,"failing":false,"failureDetails":[],"failureMessages":[],"fullName":"fuzz testing: 200 random user timelines FUZZ_0045: cycle 28d, day 8, 5 logs","invocations":1,"location":null,"numPassingAsserts":23,"retryReasons":[],"startAt":1775183787551,"status":"passed","title":"FUZZ_0045: cycle 28d, day 8, 5 logs"},{"ancestorTitles":["fuzz testing: 200 random user timelines"],"duration":1,"failing":false,"failureDetails":[],"failureMessages":[],"fullName":"fuzz testing: 200 random user timelines FUZZ_0046: cycle 21d, day 5, 14 logs","invocations":1,"location":null,"numPassingAsserts":23,"retryReasons":[],"startAt":1775183787556,"status":"passed","title":"FUZZ_0046: cycle 21d, day 5, 14 logs"},{"ancestorTitles":["fuzz testing: 200 random user timelines"],"duration":5,"failing":false,"failureDetails":[],"failureMessages":[],"fullName":"fuzz testing: 200 random user timelines FUZZ_0047: cycle 35d, day 35, 2 logs","invocations":1,"location":null,"numPassingAsserts":23,"retryReasons":[],"startAt":1775183787557,"status":"passed","title":"FUZZ_0047: cycle 35d, day 35, 2 logs"},{"ancestorTitles":["fuzz testing: 200 random user timelines"],"duration":7,"failing":false,"failureDetails":[],"failureMessages":[],"fullName":"fuzz testing: 200 random user timelines FUZZ_0048: cycle 25d, day 15, 4 logs","invocations":1,"location":null,"numPassingAsserts":23,"retryReasons":[],"startAt":1775183787562,"status":"passed","title":"FUZZ_0048: cycle 25d, day 15, 4 logs"},{"ancestorTitles":["fuzz testing: 200 random user timelines"],"duration":5,"failing":false,"failureDetails":[],"failureMessages":[],"fullName":"fuzz testing: 200 random user timelines FUZZ_0049: cycle 30d, day 14, 6 logs","invocations":1,"location":null,"numPassingAsserts":23,"retryReasons":[],"startAt":1775183787569,"status":"passed","title":"FUZZ_0049: cycle 30d, day 14, 6 logs"},{"ancestorTitles":["fuzz testing: 200 random user timelines"],"duration":3,"failing":false,"failureDetails":[],"failureMessages":[],"fullName":"fuzz testing: 200 random user timelines FUZZ_0050: cycle 38d, day 16, 5 logs","invocations":1,"location":null,"numPassingAsserts":23,"retryReasons":[],"startAt":1775183787574,"status":"passed","title":"FUZZ_0050: cycle 38d, day 16, 5 logs"},{"ancestorTitles":["fuzz testing: 200 random user timelines"],"duration":5,"failing":false,"failureDetails":[],"failureMessages":[],"fullName":"fuzz testing: 200 random user timelines FUZZ_0051: cycle 43d, day 15, 7 logs","invocations":1,"location":null,"numPassingAsserts":23,"retryReasons":[],"startAt":1775183787577,"status":"passed","title":"FUZZ_0051: cycle 43d, day 15, 7 logs"},{"ancestorTitles":["fuzz testing: 200 random user timelines"],"duration":3,"failing":false,"failureDetails":[],"failureMessages":[],"fullName":"fuzz testing: 200 random user timelines FUZZ_0052: cycle 36d, day 20, 8 logs","invocations":1,"location":null,"numPassingAsserts":23,"retryReasons":[],"startAt":1775183787582,"status":"passed","title":"FUZZ_0052: cycle 36d, day 20, 8 logs"},{"ancestorTitles":["fuzz testing: 200 random user timelines"],"duration":5,"failing":false,"failureDetails":[],"failureMessages":[],"fullName":"fuzz testing: 200 random user timelines FUZZ_0053: cycle 26d, day 9, 4 logs","invocations":1,"location":null,"numPassingAsserts":23,"retryReasons":[],"startAt":1775183787586,"status":"passed","title":"FUZZ_0053: cycle 26d, day 9, 4 logs"},{"ancestorTitles":["fuzz testing: 200 random user timelines"],"duration":3,"failing":false,"failureDetails":[],"failureMessages":[],"fullName":"fuzz testing: 200 random user timelines FUZZ_0054: cycle 29d, day 20, 3 logs","invocations":1,"location":null,"numPassingAsserts":23,"retryReasons":[],"startAt":1775183787591,"status":"passed","title":"FUZZ_0054: cycle 29d, day 20, 3 logs"},{"ancestorTitles":["fuzz testing: 200 random user timelines"],"duration":7,"failing":false,"failureDetails":[],"failureMessages":[],"fullName":"fuzz testing: 200 random user timelines FUZZ_0055: cycle 25d, day 18, 4 logs","invocations":1,"location":null,"numPassingAsserts":23,"retryReasons":[],"startAt":1775183787594,"status":"passed","title":"FUZZ_0055: cycle 25d, day 18, 4 logs"},{"ancestorTitles":["fuzz testing: 200 random user timelines"],"duration":2,"failing":false,"failureDetails":[],"failureMessages":[],"fullName":"fuzz testing: 200 random user timelines FUZZ_0056: cycle 24d, day 8, 0 logs","invocations":1,"location":null,"numPassingAsserts":23,"retryReasons":[],"startAt":1775183787601,"status":"passed","title":"FUZZ_0056: cycle 24d, day 8, 0 logs"},{"ancestorTitles":["fuzz testing: 200 random user timelines"],"duration":3,"failing":false,"failureDetails":[],"failureMessages":[],"fullName":"fuzz testing: 200 random user timelines FUZZ_0057: cycle 35d, day 8, 7 logs","invocations":1,"location":null,"numPassingAsserts":23,"retryReasons":[],"startAt":1775183787603,"status":"passed","title":"FUZZ_0057: cycle 35d, day 8, 7 logs"},{"ancestorTitles":["fuzz testing: 200 random user timelines"],"duration":2,"failing":false,"failureDetails":[],"failureMessages":[],"fullName":"fuzz testing: 200 random user timelines FUZZ_0058: cycle 30d, day 22, 13 logs","invocations":1,"location":null,"numPassingAsserts":23,"retryReasons":[],"startAt":1775183787606,"status":"passed","title":"FUZZ_0058: cycle 30d, day 22, 13 logs"},{"ancestorTitles":["fuzz testing: 200 random user timelines"],"duration":36,"failing":false,"failureDetails":[],"failureMessages":[],"fullName":"fuzz testing: 200 random user timelines FUZZ_0059: cycle 41d, day 19, 2 logs","invocations":1,"location":null,"numPassingAsserts":23,"retryReasons":[],"startAt":1775183787608,"status":"passed","title":"FUZZ_0059: cycle 41d, day 19, 2 logs"},{"ancestorTitles":["fuzz testing: 200 random user timelines"],"duration":0,"failing":false,"failureDetails":[],"failureMessages":[],"fullName":"fuzz testing: 200 random user timelines FUZZ_0060: cycle 42d, day 23, 12 logs","invocations":1,"location":null,"numPassingAsserts":23,"retryReasons":[],"startAt":1775183787645,"status":"passed","title":"FUZZ_0060: cycle 42d, day 23, 12 logs"},{"ancestorTitles":["fuzz testing: 200 random user timelines"],"duration":1,"failing":false,"failureDetails":[],"failureMessages":[],"fullName":"fuzz testing: 200 random user timelines FUZZ_0061: cycle 43d, day 20, 2 logs","invocations":1,"location":null,"numPassingAsserts":23,"retryReasons":[],"startAt":1775183787645,"status":"passed","title":"FUZZ_0061: cycle 43d, day 20, 2 logs"},{"ancestorTitles":["fuzz testing: 200 random user timelines"],"duration":3,"failing":false,"failureDetails":[],"failureMessages":[],"fullName":"fuzz testing: 200 random user timelines FUZZ_0062: cycle 36d, day 30, 3 logs","invocations":1,"location":null,"numPassingAsserts":23,"retryReasons":[],"startAt":1775183787646,"status":"passed","title":"FUZZ_0062: cycle 36d, day 30, 3 logs"},{"ancestorTitles":["fuzz testing: 200 random user timelines"],"duration":2,"failing":false,"failureDetails":[],"failureMessages":[],"fullName":"fuzz testing: 200 random user timelines FUZZ_0063: cycle 30d, day 17, 14 logs","invocations":1,"location":null,"numPassingAsserts":23,"retryReasons":[],"startAt":1775183787649,"status":"passed","title":"FUZZ_0063: cycle 30d, day 17, 14 logs"},{"ancestorTitles":["fuzz testing: 200 random user timelines"],"duration":1,"failing":false,"failureDetails":[],"failureMessages":[],"fullName":"fuzz testing: 200 random user timelines FUZZ_0064: cycle 33d, day 29, 12 logs","invocations":1,"location":null,"numPassingAsserts":23,"retryReasons":[],"startAt":1775183787652,"status":"passed","title":"FUZZ_0064: cycle 33d, day 29, 12 logs"},{"ancestorTitles":["fuzz testing: 200 random user timelines"],"duration":1,"failing":false,"failureDetails":[],"failureMessages":[],"fullName":"fuzz testing: 200 random user timelines FUZZ_0065: cycle 39d, day 3, 1 logs","invocations":1,"location":null,"numPassingAsserts":23,"retryReasons":[],"startAt":1775183787653,"status":"passed","title":"FUZZ_0065: cycle 39d, day 3, 1 logs"},{"ancestorTitles":["fuzz testing: 200 random user timelines"],"duration":2,"failing":false,"failureDetails":[],"failureMessages":[],"fullName":"fuzz testing: 200 random user timelines FUZZ_0066: cycle 25d, day 13, 10 logs","invocations":1,"location":null,"numPassingAsserts":23,"retryReasons":[],"startAt":1775183787654,"status":"passed","title":"FUZZ_0066: cycle 25d, day 13, 10 logs"},{"ancestorTitles":["fuzz testing: 200 random user timelines"],"duration":12,"failing":false,"failureDetails":[],"failureMessages":[],"fullName":"fuzz testing: 200 random user timelines FUZZ_0067: cycle 40d, day 40, 12 logs","invocations":1,"location":null,"numPassingAsserts":23,"retryReasons":[],"startAt":1775183787657,"status":"passed","title":"FUZZ_0067: cycle 40d, day 40, 12 logs"},{"ancestorTitles":["fuzz testing: 200 random user timelines"],"duration":1,"failing":false,"failureDetails":[],"failureMessages":[],"fullName":"fuzz testing: 200 random user timelines FUZZ_0068: cycle 36d, day 31, 12 logs","invocations":1,"location":null,"numPassingAsserts":23,"retryReasons":[],"startAt":1775183787669,"status":"passed","title":"FUZZ_0068: cycle 36d, day 31, 12 logs"},{"ancestorTitles":["fuzz testing: 200 random user timelines"],"duration":5,"failing":false,"failureDetails":[],"failureMessages":[],"fullName":"fuzz testing: 200 random user timelines FUZZ_0069: cycle 35d, day 13, 6 logs","invocations":1,"location":null,"numPassingAsserts":23,"retryReasons":[],"startAt":1775183787670,"status":"passed","title":"FUZZ_0069: cycle 35d, day 13, 6 logs"},{"ancestorTitles":["fuzz testing: 200 random user timelines"],"duration":4,"failing":false,"failureDetails":[],"failureMessages":[],"fullName":"fuzz testing: 200 random user timelines FUZZ_0070: cycle 42d, day 29, 5 logs","invocations":1,"location":null,"numPassingAsserts":23,"retryReasons":[],"startAt":1775183787678,"status":"passed","title":"FUZZ_0070: cycle 42d, day 29, 5 logs"},{"ancestorTitles":["fuzz testing: 200 random user timelines"],"duration":4,"failing":false,"failureDetails":[],"failureMessages":[],"fullName":"fuzz testing: 200 random user timelines FUZZ_0071: cycle 44d, day 28, 4 logs","invocations":1,"location":null,"numPassingAsserts":23,"retryReasons":[],"startAt":1775183787683,"status":"passed","title":"FUZZ_0071: cycle 44d, day 28, 4 logs"},{"ancestorTitles":["fuzz testing: 200 random user timelines"],"duration":2,"failing":false,"failureDetails":[],"failureMessages":[],"fullName":"fuzz testing: 200 random user timelines FUZZ_0072: cycle 42d, day 7, 5 logs","invocations":1,"location":null,"numPassingAsserts":23,"retryReasons":[],"startAt":1775183787687,"status":"passed","title":"FUZZ_0072: cycle 42d, day 7, 5 logs"},{"ancestorTitles":["fuzz testing: 200 random user timelines"],"duration":3,"failing":false,"failureDetails":[],"failureMessages":[],"fullName":"fuzz testing: 200 random user timelines FUZZ_0073: cycle 21d, day 2, 9 logs","invocations":1,"location":null,"numPassingAsserts":23,"retryReasons":[],"startAt":1775183787689,"status":"passed","title":"FUZZ_0073: cycle 21d, day 2, 9 logs"},{"ancestorTitles":["fuzz testing: 200 random user timelines"],"duration":2,"failing":false,"failureDetails":[],"failureMessages":[],"fullName":"fuzz testing: 200 random user timelines FUZZ_0074: cycle 39d, day 38, 13 logs","invocations":1,"location":null,"numPassingAsserts":23,"retryReasons":[],"startAt":1775183787692,"status":"passed","title":"FUZZ_0074: cycle 39d, day 38, 13 logs"},{"ancestorTitles":["fuzz testing: 200 random user timelines"],"duration":1,"failing":false,"failureDetails":[],"failureMessages":[],"fullName":"fuzz testing: 200 random user timelines FUZZ_0075: cycle 32d, day 23, 2 logs","invocations":1,"location":null,"numPassingAsserts":23,"retryReasons":[],"startAt":1775183787694,"status":"passed","title":"FUZZ_0075: cycle 32d, day 23, 2 logs"},{"ancestorTitles":["fuzz testing: 200 random user timelines"],"duration":1,"failing":false,"failureDetails":[],"failureMessages":[],"fullName":"fuzz testing: 200 random user timelines FUZZ_0076: cycle 27d, day 4, 0 logs","invocations":1,"location":null,"numPassingAsserts":23,"retryReasons":[],"startAt":1775183787695,"status":"passed","title":"FUZZ_0076: cycle 27d, day 4, 0 logs"},{"ancestorTitles":["fuzz testing: 200 random user timelines"],"duration":4,"failing":false,"failureDetails":[],"failureMessages":[],"fullName":"fuzz testing: 200 random user timelines FUZZ_0077: cycle 28d, day 13, 8 logs","invocations":1,"location":null,"numPassingAsserts":23,"retryReasons":[],"startAt":1775183787696,"status":"passed","title":"FUZZ_0077: cycle 28d, day 13, 8 logs"},{"ancestorTitles":["fuzz testing: 200 random user timelines"],"duration":0,"failing":false,"failureDetails":[],"failureMessages":[],"fullName":"fuzz testing: 200 random user timelines FUZZ_0078: cycle 38d, day 31, 11 logs","invocations":1,"location":null,"numPassingAsserts":23,"retryReasons":[],"startAt":1775183787700,"status":"passed","title":"FUZZ_0078: cycle 38d, day 31, 11 logs"},{"ancestorTitles":["fuzz testing: 200 random user timelines"],"duration":0,"failing":false,"failureDetails":[],"failureMessages":[],"fullName":"fuzz testing: 200 random user timelines FUZZ_0079: cycle 25d, day 17, 7 logs","invocations":1,"location":null,"numPassingAsserts":23,"retryReasons":[],"startAt":1775183787701,"status":"passed","title":"FUZZ_0079: cycle 25d, day 17, 7 logs"},{"ancestorTitles":["fuzz testing: 200 random user timelines"],"duration":1,"failing":false,"failureDetails":[],"failureMessages":[],"fullName":"fuzz testing: 200 random user timelines FUZZ_0080: cycle 32d, day 16, 6 logs","invocations":1,"location":null,"numPassingAsserts":23,"retryReasons":[],"startAt":1775183787701,"status":"passed","title":"FUZZ_0080: cycle 32d, day 16, 6 logs"},{"ancestorTitles":["fuzz testing: 200 random user timelines"],"duration":1,"failing":false,"failureDetails":[],"failureMessages":[],"fullName":"fuzz testing: 200 random user timelines FUZZ_0081: cycle 31d, day 11, 4 logs","invocations":1,"location":null,"numPassingAsserts":23,"retryReasons":[],"startAt":1775183787702,"status":"passed","title":"FUZZ_0081: cycle 31d, day 11, 4 logs"},{"ancestorTitles":["fuzz testing: 200 random user timelines"],"duration":22,"failing":false,"failureDetails":[],"failureMessages":[],"fullName":"fuzz testing: 200 random user timelines FUZZ_0082: cycle 24d, day 13, 4 logs","invocations":1,"location":null,"numPassingAsserts":23,"retryReasons":[],"startAt":1775183787703,"status":"passed","title":"FUZZ_0082: cycle 24d, day 13, 4 logs"},{"ancestorTitles":["fuzz testing: 200 random user timelines"],"duration":1,"failing":false,"failureDetails":[],"failureMessages":[],"fullName":"fuzz testing: 200 random user timelines FUZZ_0083: cycle 34d, day 19, 9 logs","invocations":1,"location":null,"numPassingAsserts":23,"retryReasons":[],"startAt":1775183787725,"status":"passed","title":"FUZZ_0083: cycle 34d, day 19, 9 logs"},{"ancestorTitles":["fuzz testing: 200 random user timelines"],"duration":3,"failing":false,"failureDetails":[],"failureMessages":[],"fullName":"fuzz testing: 200 random user timelines FUZZ_0084: cycle 31d, day 5, 0 logs","invocations":1,"location":null,"numPassingAsserts":23,"retryReasons":[],"startAt":1775183787726,"status":"passed","title":"FUZZ_0084: cycle 31d, day 5, 0 logs"},{"ancestorTitles":["fuzz testing: 200 random user timelines"],"duration":24,"failing":false,"failureDetails":[],"failureMessages":[],"fullName":"fuzz testing: 200 random user timelines FUZZ_0085: cycle 24d, day 23, 1 logs","invocations":1,"location":null,"numPassingAsserts":23,"retryReasons":[],"startAt":1775183787729,"status":"passed","title":"FUZZ_0085: cycle 24d, day 23, 1 logs"},{"ancestorTitles":["fuzz testing: 200 random user timelines"],"duration":7,"failing":false,"failureDetails":[],"failureMessages":[],"fullName":"fuzz testing: 200 random user timelines FUZZ_0086: cycle 42d, day 19, 7 logs","invocations":1,"location":null,"numPassingAsserts":23,"retryReasons":[],"startAt":1775183787753,"status":"passed","title":"FUZZ_0086: cycle 42d, day 19, 7 logs"},{"ancestorTitles":["fuzz testing: 200 random user timelines"],"duration":4,"failing":false,"failureDetails":[],"failureMessages":[],"fullName":"fuzz testing: 200 random user timelines FUZZ_0087: cycle 23d, day 19, 0 logs","invocations":1,"location":null,"numPassingAsserts":23,"retryReasons":[],"startAt":1775183787760,"status":"passed","title":"FUZZ_0087: cycle 23d, day 19, 0 logs"},{"ancestorTitles":["fuzz testing: 200 random user timelines"],"duration":36,"failing":false,"failureDetails":[],"failureMessages":[],"fullName":"fuzz testing: 200 random user timelines FUZZ_0088: cycle 30d, day 7, 10 logs","invocations":1,"location":null,"numPassingAsserts":23,"retryReasons":[],"startAt":1775183787765,"status":"passed","title":"FUZZ_0088: cycle 30d, day 7, 10 logs"},{"ancestorTitles":["fuzz testing: 200 random user timelines"],"duration":1,"failing":false,"failureDetails":[],"failureMessages":[],"fullName":"fuzz testing: 200 random user timelines FUZZ_0089: cycle 35d, day 4, 14 logs","invocations":1,"location":null,"numPassingAsserts":23,"retryReasons":[],"startAt":1775183787801,"status":"passed","title":"FUZZ_0089: cycle 35d, day 4, 14 logs"},{"ancestorTitles":["fuzz testing: 200 random user timelines"],"duration":1,"failing":false,"failureDetails":[],"failureMessages":[],"fullName":"fuzz testing: 200 random user timelines FUZZ_0090: cycle 39d, day 26, 11 logs","invocations":1,"location":null,"numPassingAsserts":23,"retryReasons":[],"startAt":1775183787802,"status":"passed","title":"FUZZ_0090: cycle 39d, day 26, 11 logs"},{"ancestorTitles":["fuzz testing: 200 random user timelines"],"duration":3,"failing":false,"failureDetails":[],"failureMessages":[],"fullName":"fuzz testing: 200 random user timelines FUZZ_0091: cycle 34d, day 28, 7 logs","invocations":1,"location":null,"numPassingAsserts":23,"retryReasons":[],"startAt":1775183787803,"status":"passed","title":"FUZZ_0091: cycle 34d, day 28, 7 logs"},{"ancestorTitles":["fuzz testing: 200 random user timelines"],"duration":0,"failing":false,"failureDetails":[],"failureMessages":[],"fullName":"fuzz testing: 200 random user timelines FUZZ_0092: cycle 25d, day 2, 1 logs","invocations":1,"location":null,"numPassingAsserts":23,"retryReasons":[],"startAt":1775183787806,"status":"passed","title":"FUZZ_0092: cycle 25d, day 2, 1 logs"},{"ancestorTitles":["fuzz testing: 200 random user timelines"],"duration":2,"failing":false,"failureDetails":[],"failureMessages":[],"fullName":"fuzz testing: 200 random user timelines FUZZ_0093: cycle 22d, day 6, 10 logs","invocations":1,"location":null,"numPassingAsserts":23,"retryReasons":[],"startAt":1775183787806,"status":"passed","title":"FUZZ_0093: cycle 22d, day 6, 10 logs"},{"ancestorTitles":["fuzz testing: 200 random user timelines"],"duration":10,"failing":false,"failureDetails":[],"failureMessages":[],"fullName":"fuzz testing: 200 random user timelines FUZZ_0094: cycle 37d, day 21, 14 logs","invocations":1,"location":null,"numPassingAsserts":23,"retryReasons":[],"startAt":1775183787808,"status":"passed","title":"FUZZ_0094: cycle 37d, day 21, 14 logs"},{"ancestorTitles":["fuzz testing: 200 random user timelines"],"duration":1,"failing":false,"failureDetails":[],"failureMessages":[],"fullName":"fuzz testing: 200 random user timelines FUZZ_0095: cycle 21d, day 9, 5 logs","invocations":1,"location":null,"numPassingAsserts":23,"retryReasons":[],"startAt":1775183787818,"status":"passed","title":"FUZZ_0095: cycle 21d, day 9, 5 logs"},{"ancestorTitles":["fuzz testing: 200 random user timelines"],"duration":2,"failing":false,"failureDetails":[],"failureMessages":[],"fullName":"fuzz testing: 200 random user timelines FUZZ_0096: cycle 28d, day 24, 8 logs","invocations":1,"location":null,"numPassingAsserts":23,"retryReasons":[],"startAt":1775183787819,"status":"passed","title":"FUZZ_0096: cycle 28d, day 24, 8 logs"},{"ancestorTitles":["fuzz testing: 200 random user timelines"],"duration":3,"failing":false,"failureDetails":[],"failureMessages":[],"fullName":"fuzz testing: 200 random user timelines FUZZ_0097: cycle 26d, day 25, 14 logs","invocations":1,"location":null,"numPassingAsserts":23,"retryReasons":[],"startAt":1775183787821,"status":"passed","title":"FUZZ_0097: cycle 26d, day 25, 14 logs"},{"ancestorTitles":["fuzz testing: 200 random user timelines"],"duration":13,"failing":false,"failureDetails":[],"failureMessages":[],"fullName":"fuzz testing: 200 random user timelines FUZZ_0098: cycle 27d, day 14, 12 logs","invocations":1,"location":null,"numPassingAsserts":23,"retryReasons":[],"startAt":1775183787824,"status":"passed","title":"FUZZ_0098: cycle 27d, day 14, 12 logs"},{"ancestorTitles":["fuzz testing: 200 random user timelines"],"duration":0,"failing":false,"failureDetails":[],"failureMessages":[],"fullName":"fuzz testing: 200 random user timelines FUZZ_0099: cycle 44d, day 31, 8 logs","invocations":1,"location":null,"numPassingAsserts":23,"retryReasons":[],"startAt":1775183787838,"status":"passed","title":"FUZZ_0099: cycle 44d, day 31, 8 logs"},{"ancestorTitles":["fuzz testing: 200 random user timelines"],"duration":1,"failing":false,"failureDetails":[],"failureMessages":[],"fullName":"fuzz testing: 200 random user timelines FUZZ_0100: cycle 41d, day 13, 7 logs","invocations":1,"location":null,"numPassingAsserts":23,"retryReasons":[],"startAt":1775183787838,"status":"passed","title":"FUZZ_0100: cycle 41d, day 13, 7 logs"},{"ancestorTitles":["fuzz testing: 200 random user timelines"],"duration":3,"failing":false,"failureDetails":[],"failureMessages":[],"fullName":"fuzz testing: 200 random user timelines FUZZ_0101: cycle 39d, day 22, 10 logs","invocations":1,"location":null,"numPassingAsserts":23,"retryReasons":[],"startAt":1775183787839,"status":"passed","title":"FUZZ_0101: cycle 39d, day 22, 10 logs"},{"ancestorTitles":["fuzz testing: 200 random user timelines"],"duration":3,"failing":false,"failureDetails":[],"failureMessages":[],"fullName":"fuzz testing: 200 random user timelines FUZZ_0102: cycle 34d, day 19, 14 logs","invocations":1,"location":null,"numPassingAsserts":23,"retryReasons":[],"startAt":1775183787842,"status":"passed","title":"FUZZ_0102: cycle 34d, day 19, 14 logs"},{"ancestorTitles":["fuzz testing: 200 random user timelines"],"duration":10,"failing":false,"failureDetails":[],"failureMessages":[],"fullName":"fuzz testing: 200 random user timelines FUZZ_0103: cycle 45d, day 35, 4 logs","invocations":1,"location":null,"numPassingAsserts":23,"retryReasons":[],"startAt":1775183787845,"status":"passed","title":"FUZZ_0103: cycle 45d, day 35, 4 logs"},{"ancestorTitles":["fuzz testing: 200 random user timelines"],"duration":8,"failing":false,"failureDetails":[],"failureMessages":[],"fullName":"fuzz testing: 200 random user timelines FUZZ_0104: cycle 36d, day 25, 12 logs","invocations":1,"location":null,"numPassingAsserts":23,"retryReasons":[],"startAt":1775183787855,"status":"passed","title":"FUZZ_0104: cycle 36d, day 25, 12 logs"},{"ancestorTitles":["fuzz testing: 200 random user timelines"],"duration":4,"failing":false,"failureDetails":[],"failureMessages":[],"fullName":"fuzz testing: 200 random user timelines FUZZ_0105: cycle 30d, day 27, 4 logs","invocations":1,"location":null,"numPassingAsserts":23,"retryReasons":[],"startAt":1775183787863,"status":"passed","title":"FUZZ_0105: cycle 30d, day 27, 4 logs"},{"ancestorTitles":["fuzz testing: 200 random user timelines"],"duration":4,"failing":false,"failureDetails":[],"failureMessages":[],"fullName":"fuzz testing: 200 random user timelines FUZZ_0106: cycle 42d, day 18, 5 logs","invocations":1,"location":null,"numPassingAsserts":23,"retryReasons":[],"startAt":1775183787867,"status":"passed","title":"FUZZ_0106: cycle 42d, day 18, 5 logs"},{"ancestorTitles":["fuzz testing: 200 random user timelines"],"duration":2,"failing":false,"failureDetails":[],"failureMessages":[],"fullName":"fuzz testing: 200 random user timelines FUZZ_0107: cycle 34d, day 29, 9 logs","invocations":1,"location":null,"numPassingAsserts":23,"retryReasons":[],"startAt":1775183787871,"status":"passed","title":"FUZZ_0107: cycle 34d, day 29, 9 logs"},{"ancestorTitles":["fuzz testing: 200 random user timelines"],"duration":2,"failing":false,"failureDetails":[],"failureMessages":[],"fullName":"fuzz testing: 200 random user timelines FUZZ_0108: cycle 42d, day 30, 2 logs","invocations":1,"location":null,"numPassingAsserts":23,"retryReasons":[],"startAt":1775183787874,"status":"passed","title":"FUZZ_0108: cycle 42d, day 30, 2 logs"},{"ancestorTitles":["fuzz testing: 200 random user timelines"],"duration":2,"failing":false,"failureDetails":[],"failureMessages":[],"fullName":"fuzz testing: 200 random user timelines FUZZ_0109: cycle 28d, day 27, 7 logs","invocations":1,"location":null,"numPassingAsserts":23,"retryReasons":[],"startAt":1775183787876,"status":"passed","title":"FUZZ_0109: cycle 28d, day 27, 7 logs"},{"ancestorTitles":["fuzz testing: 200 random user timelines"],"duration":4,"failing":false,"failureDetails":[],"failureMessages":[],"fullName":"fuzz testing: 200 random user timelines FUZZ_0110: cycle 27d, day 18, 11 logs","invocations":1,"location":null,"numPassingAsserts":23,"retryReasons":[],"startAt":1775183787878,"status":"passed","title":"FUZZ_0110: cycle 27d, day 18, 11 logs"},{"ancestorTitles":["fuzz testing: 200 random user timelines"],"duration":2,"failing":false,"failureDetails":[],"failureMessages":[],"fullName":"fuzz testing: 200 random user timelines FUZZ_0111: cycle 39d, day 28, 2 logs","invocations":1,"location":null,"numPassingAsserts":23,"retryReasons":[],"startAt":1775183787882,"status":"passed","title":"FUZZ_0111: cycle 39d, day 28, 2 logs"},{"ancestorTitles":["fuzz testing: 200 random user timelines"],"duration":2,"failing":false,"failureDetails":[],"failureMessages":[],"fullName":"fuzz testing: 200 random user timelines FUZZ_0112: cycle 42d, day 38, 8 logs","invocations":1,"location":null,"numPassingAsserts":23,"retryReasons":[],"startAt":1775183787884,"status":"passed","title":"FUZZ_0112: cycle 42d, day 38, 8 logs"},{"ancestorTitles":["fuzz testing: 200 random user timelines"],"duration":4,"failing":false,"failureDetails":[],"failureMessages":[],"fullName":"fuzz testing: 200 random user timelines FUZZ_0113: cycle 32d, day 3, 7 logs","invocations":1,"location":null,"numPassingAsserts":23,"retryReasons":[],"startAt":1775183787886,"status":"passed","title":"FUZZ_0113: cycle 32d, day 3, 7 logs"},{"ancestorTitles":["fuzz testing: 200 random user timelines"],"duration":2,"failing":false,"failureDetails":[],"failureMessages":[],"fullName":"fuzz testing: 200 random user timelines FUZZ_0114: cycle 43d, day 30, 6 logs","invocations":1,"location":null,"numPassingAsserts":23,"retryReasons":[],"startAt":1775183787890,"status":"passed","title":"FUZZ_0114: cycle 43d, da
[...]
ync () => {\n          |   ^\n      143 |     userId = await createTestUser();\n      144 |   });\n      145 |\n\n      at tests/integration/performance.test.ts:142:3\n      at Object.<anonymous> (tests/integration/performance.test.ts:139:1)\n\n  ● API performance thresholds › quick log config › < 2000ms\n\n    thrown: \"Exceeded timeout of 5000 ms for a hook.\n    Add a timeout value to this test to increase the timeout, if this is a long-running test. See https://jestjs.io/docs/api#testname-fn-timeout.\"\n\n      140 |   let userId: string;\n      141 |\n    > 142 |   beforeAll(async () => {\n          |   ^\n      143 |     userId = await createTestUser();\n      144 |   });\n      145 |\n\n      at tests/integration/performance.test.ts:142:3\n      at Object.<anonymous> (tests/integration/performance.test.ts:139:1)\n\n\n  ● Test suite failed to run\n\n    thrown: \"Exceeded timeout of 5000 ms for a hook.\n    Add a timeout value to this test to increase the timeout, if this is a long-running test. See https://jestjs.io/docs/api#testname-fn-timeout.\"\n\n      144 |   });\n      145 |\n    > 146 |   afterAll(async () => {\n          |   ^\n      147 |     await cleanupUser(userId);\n      148 |   });\n      149 |\n\n      at tests/integration/performance.test.ts:146:3\n      at Object.<anonymous> (tests/integration/performance.test.ts:139:1)\n","name":"/Users/abhirajsinha/Projects/vyana-backend/tests/integration/performance.test.ts","startTime":1775183880094,"status":"failed","summary":""},{"assertionResults":[{"ancestorTitles":["Group 1: Transition mechanics"],"duration":3348,"failing":false,"failureDetails":[],"failureMessages":[],"fullName":"Group 1: Transition mechanics natural -> pill: natural_to_hormonal, baseline reset, caches cleared, period start reset","invocations":1,"location":null,"numPassingAsserts":4,"retryReasons":[],"startAt":1775183791776,"status":"passed","title":"natural -> pill: natural_to_hormonal, baseline reset, caches cleared, period start reset"},{"ancestorTitles":["Group 1: Transition mechanics"],"duration":3050,"failing":false,"failureDetails":[],"failureMessages":[],"fullName":"Group 1: Transition mechanics pill -> natural: hormonal_to_natural, baseline reset, cycleRegularity set to not_sure","invocations":1,"location":null,"numPassingAsserts":3,"retryReasons":[],"startAt":1775183795128,"status":"passed","title":"pill -> natural: hormonal_to_natural, baseline reset, cycleRegularity set to not_sure"},{"ancestorTitles":["Group 1: Transition mechanics"],"duration":2505,"failing":false,"failureDetails":[],"failureMessages":[],"fullName":"Group 1: Transition mechanics pill -> iud_hormonal: hormonal_to_hormonal, baseline reset","invocations":1,"location":null,"numPassingAsserts":2,"retryReasons":[],"startAt":1775183798179,"status":"passed","title":"pill -> iud_hormonal: hormonal_to_hormonal, baseline reset"},{"ancestorTitles":["Group 1: Transition mechanics"],"duration":1187,"failing":false,"failureDetails":[],"failureMessages":[],"fullName":"Group 1: Transition mechanics natural -> iud_copper: natural_to_natural, no baseline reset","invocations":1,"location":null,"numPassingAsserts":2,"retryReasons":[],"startAt":1775183800684,"status":"passed","title":"natural -> iud_copper: natural_to_natural, no baseline reset"},{"ancestorTitles":["Group 1: Transition mechanics"],"duration":1576,"failing":false,"failureDetails":[],"failureMessages":[],"fullName":"Group 1: Transition mechanics natural -> condom: natural_to_natural, no baseline reset","invocations":1,"location":null,"numPassingAsserts":2,"retryReasons":[],"startAt":1775183801871,"status":"passed","title":"natural -> condom: natural_to_natural, no baseline reset"},{"ancestorTitles":["Group 1: Transition mechanics"],"duration":1,"failing":false,"failureDetails":[],"failureMessages":[],"fullName":"Group 1: Transition mechanics pill -> pill (same method): same_method, caches NOT cleared","invocations":1,"location":null,"numPassingAsserts":2,"retryReasons":[],"startAt":1775183803447,"status":"passed","title":"pill -> pill (same method): same_method, caches NOT cleared"},{"ancestorTitles":["Group 2: End-to-end insight output after transition"],"duration":11676,"failing":false,"failureDetails":[],"failureMessages":[],"fullName":"Group 2: End-to-end insight output after transition post-transition insights contain no ovulation/fertile window/lh surge language","invocations":1,"location":null,"numPassingAsserts":5,"retryReasons":[],"startAt":1775183804691,"status":"passed","title":"post-transition insights contain no ovulation/fertile window/lh surge language"},{"ancestorTitles":["Group 2: End-to-end insight output after transition"],"duration":1245,"failing":false,"failureDetails":[],"failureMessages":[],"fullName":"Group 2: End-to-end insight output after transition caches are cleared and contraceptionChangedAt is set after transition","invocations":1,"location":null,"numPassingAsserts":1,"retryReasons":[],"startAt":1775183816367,"status":"passed","title":"caches are cleared and contraceptionChangedAt is set after transition"},{"ancestorTitles":["Group 3: Home screen after transition"],"duration":1216,"failing":false,"failureDetails":[],"failureMessages":[],"fullName":"Group 3: Home screen after transition hormonal user home screen does not contain 'Ovulation day' or 'Luteal phase'","invocations":1,"location":null,"numPassingAsserts":3,"retryReasons":[],"startAt":1775183818890,"status":"passed","title":"hormonal user home screen does not contain 'Ovulation day' or 'Luteal phase'"},{"ancestorTitles":["Group 4: Transition warmup"],"duration":1,"failing":false,"failureDetails":[],"failureMessages":[],"fullName":"Group 4: Transition warmup buildTransitionWarmup(now) returns active with daysRemaining === 14","invocations":1,"location":null,"numPassingAsserts":4,"retryReasons":[],"startAt":1775183820106,"status":"passed","title":"buildTransitionWarmup(now) returns active with daysRemaining === 14"},{"ancestorTitles":["Group 4: Transition warmup"],"duration":5,"failing":false,"failureDetails":[],"failureMessages":[],"fullName":"Group 4: Transition warmup buildTransitionWarmup(5 days ago) returns daysRemaining === 9","invocations":1,"location":null,"numPassingAsserts":4,"retryReasons":[],"startAt":1775183820107,"status":"passed","title":"buildTransitionWarmup(5 days ago) returns daysRemaining === 9"},{"ancestorTitles":["Group 4: Transition warmup"],"duration":0,"failing":false,"failureDetails":[],"failureMessages":[],"fullName":"Group 4: Transition warmup buildTransitionWarmup(15 days ago) returns null (inactive)","invocations":1,"location":null,"numPassingAsserts":1,"retryReasons":[],"startAt":1775183820112,"status":"passed","title":"buildTransitionWarmup(15 days ago) returns null (inactive)"},{"ancestorTitles":["Group 4: Transition warmup"],"duration":0,"failing":false,"failureDetails":[],"failureMessages":[],"fullName":"Group 4: Transition warmup buildTransitionWarmup(null) returns null","invocations":1,"location":null,"numPassingAsserts":1,"retryReasons":[],"startAt":1775183820112,"status":"passed","title":"buildTransitionWarmup(null) returns null"}],"endTime":1775183836829,"message":"","name":"/Users/abhirajsinha/Projects/vyana-backend/tests/integration/contraceptionTransition.test.ts","startTime":1775183787464,"status":"passed","summary":""},{"assertionResults":[{"ancestorTitles":["Cross-endpoint integration: cycleDay/phase agreement","Natural regular day 14 (ovulation)"],"duration":10,"failing":false,"failureDetails":[],"failureMessages":[],"fullName":"Cross-endpoint integration: cycleDay/phase agreement Natural regular day 14 (ovulation) all endpoints return data (no errors)","invocations":1,"location":null,"numPassingAsserts":6,"retryReasons":[],"startAt":1775183802165,"status":"passed","title":"all endpoints return data (no errors)"},{"ancestorTitles":["Cross-endpoint integration: cycleDay/phase agreement","Natural regular day 14 (ovulation)"],"duration":0,"failing":false,"failureDetails":[],"failureMessages":[],"fullName":"Cross-endpoint integration: cycleDay/phase agreement Natural regular day 14 (ovulation) cycleDay agrees across all endpoints","invocations":1,"location":null,"numPassingAsserts":3,"retryReasons":[],"startAt":1775183802176,"status":"passed","title":"cycleDay agrees across all endpoints"},{"ancestorTitles":["Cross-endpoint integration: cycleDay/phase agreement","Natural regular day 14 (ovulation)"],"duration":3,"failing":false,"failureDetails":[],"failureMessages":[],"fullName":"Cross-endpoint integration: cycleDay/phase agreement Natural regular day 14 (ovulation) phase agrees across home and calendar endpoints","invocations":1,"location":null,"numPassingAsserts":2,"retryReasons":[],"startAt":1775183802176,"status":"passed","title":"phase agrees across home and calendar endpoints"},{"ancestorTitles":["Cross-endpoint integration: cycleDay/phase agreement","Natural regular day 14 (ovulation)"],"duration":1,"failing":false,"failureDetails":[],"failureMessages":[],"fullName":"Cross-endpoint integration: cycleDay/phase agreement Natural regular day 14 (ovulation) isPeriodDelayed is false","invocations":1,"location":null,"numPassingAsserts":2,"retryReasons":[],"startAt":1775183802179,"status":"passed","title":"isPeriodDelayed is false"},{"ancestorTitles":["Cross-endpoint integration: cycleDay/phase agreement","Natural regular day 35 (overdue/delayed)"],"duration":16,"failing":false,"failureDetails":[],"failureMessages":[],"fullName":"Cross-endpoint integration: cycleDay/phase agreement Natural regular day 35 (overdue/delayed) all endpoints return data (no errors)","invocations":1,"location":null,"numPassingAsserts":6,"retryReasons":[],"startAt":1775183811056,"status":"passed","title":"all endpoints return data (no errors)"},{"ancestorTitles":["Cross-endpoint integration: cycleDay/phase agreement","Natural regular day 35 (overdue/delayed)"],"duration":1,"failing":false,"failureDetails":[],"failureMessages":[],"fullName":"Cross-endpoint integration: cycleDay/phase agreement Natural regular day 35 (overdue/delayed) cycleDay agrees across all endpoints","invocations":1,"location":null,"numPassingAsserts":3,"retryReasons":[],"startAt":1775183811072,"status":"passed","title":"cycleDay agrees across all endpoints"},{"ancestorTitles":["Cross-endpoint integration: cycleDay/phase agreement","Natural regular day 35 (overdue/delayed)"],"duration":0,"failing":false,"failureDetails":[],"failureMessages":[],"fullName":"Cross-endpoint integration: cycleDay/phase agreement Natural regular day 35 (overdue/delayed) phase agrees across home and calendar endpoints","invocations":1,"location":null,"numPassingAsserts":2,"retryReasons":[],"startAt":1775183811073,"status":"passed","title":"phase agrees across home and calendar endpoints"},{"ancestorTitles":["Cross-endpoint integration: cycleDay/phase agreement","Natural regular day 35 (overdue/delayed)"],"duration":2,"failing":false,"failureDetails":[],"failureMessages":[],"fullName":"Cross-endpoint integration: cycleDay/phase agreement Natural regular day 35 (overdue/delayed) all endpoints agree on isPeriodDelayed","invocations":1,"location":null,"numPassingAsserts":3,"retryReasons":[],"startAt":1775183811073,"status":"passed","title":"all endpoints agree on isPeriodDelayed"},{"ancestorTitles":["Cross-endpoint integration: cycleDay/phase agreement","Hormonal pill day 14 (NOT ovulation)"],"duration":3,"failing":false,"failureDetails":[],"failureMessages":[],"fullName":"Cross-endpoint integration: cycleDay/phase agreement Hormonal pill day 14 (NOT ovulation) all endpoints return data (no errors)","invocations":1,"location":null,"numPassingAsserts":6,"retryReasons":[],"startAt":1775183820224,"status":"passed","title":"all endpoints return data (no errors)"},{"ancestorTitles":["Cross-endpoint integration: cycleDay/phase agreement","Hormonal pill day 14 (NOT ovulation)"],"duration":1,"failing":false,"failureDetails":[],"failureMessages":[],"fullName":"Cross-endpoint integration: cycleDay/phase agreement Hormonal pill day 14 (NOT ovulation) cycleDay agrees across all endpoints","invocations":1,"location":null,"numPassingAsserts":3,"retryReasons":[],"startAt":1775183820227,"status":"passed","title":"cycleDay agrees across all endpoints"},{"ancestorTitles":["Cross-endpoint integration: cycleDay/phase agreement","Hormonal pill day 14 (NOT ovulation)"],"duration":2,"failing":false,"failureDetails":[],"failureMessages":[],"fullName":"Cross-endpoint integration: cycleDay/phase agreement Hormonal pill day 14 (NOT ovulation) phase agrees across home and calendar endpoints","invocations":1,"location":null,"numPassingAsserts":2,"retryReasons":[],"startAt":1775183820231,"status":"passed","title":"phase agrees across home and calendar endpoints"},{"ancestorTitles":["Cross-endpoint integration: cycleDay/phase agreement","Hormonal pill day 14 (NOT ovulation)"],"duration":0,"failing":false,"failureDetails":[],"failureMessages":[],"fullName":"Cross-endpoint integration: cycleDay/phase agreement Hormonal pill day 14 (NOT ovulation) isPeriodDelayed is false","invocations":1,"location":null,"numPassingAsserts":2,"retryReasons":[],"startAt":1775183820233,"status":"passed","title":"isPeriodDelayed is false"},{"ancestorTitles":["Cross-endpoint integration: cycleDay/phase agreement","Natural irregular day 22 (luteal)"],"duration":1,"failing":false,"failureDetails":[],"failureMessages":[],"fullName":"Cross-endpoint integration: cycleDay/phase agreement Natural irregular day 22 (luteal) all endpoints return data (no errors)","invocations":1,"location":null,"numPassingAsserts":6,"retryReasons":[],"startAt":1775183829026,"status":"passed","title":"all endpoints return data (no errors)"},{"ancestorTitles":["Cross-endpoint integration: cycleDay/phase agreement","Natural irregular day 22 (luteal)"],"duration":1,"failing":false,"failureDetails":[],"failureMessages":[],"fullName":"Cross-endpoint integration: cycleDay/phase agreement Natural irregular day 22 (luteal) cycleDay agrees across all endpoints","invocations":1,"location":null,"numPassingAsserts":3,"retryReasons":[],"startAt":1775183829027,"status":"passed","title":"cycleDay agrees across all endpoints"},{"ancestorTitles":["Cross-endpoint integration: cycleDay/phase agreement","Natural irregular day 22 (luteal)"],"duration":1,"failing":false,"failureDetails":[],"failureMessages":[],"fullName":"Cross-endpoint integration: cycleDay/phase agreement Natural irregular day 22 (luteal) phase agrees across home and calendar endpoints","invocations":1,"location":null,"numPassingAsserts":1,"retryReasons":[],"startAt":1775183829028,"status":"passed","title":"phase agrees across home and calendar endpoints"},{"ancestorTitles":["Cross-endpoint integration: cycleDay/phase agreement","Natural irregular day 22 (luteal)"],"duration":0,"failing":false,"failureDetails":[],"failureMessages":[],"fullName":"Cross-endpoint integration: cycleDay/phase agreement Natural irregular day 22 (luteal) isPeriodDelayed is false","invocations":1,"location":null,"numPassingAsserts":2,"retryReasons":[],"startAt":1775183829029,"status":"passed","title":"isPeriodDelayed is false"},{"ancestorTitles":["Cross-endpoint integration: cycleDay/phase agreement","Natural day 1 (menstrual)"],"duration":2,"failing":false,"failureDetails":[],"failureMessages":[],"fullName":"Cross-endpoint integration: cycleDay/phase agreement Natural day 1 (menstrual) all endpoints return data (no errors)","invocations":1,"location":null,"numPassingAsserts":6,"retryReasons":[],"startAt":1775183838672,"status":"passed","title":"all endpoints return data (no errors)"},{"ancestorTitles":["Cross-endpoint integration: cycleDay/phase agreement","Natural day 1 (menstrual)"],"duration":9,"failing":false,"failureDetails":[],"failureMessages":[],"fullName":"Cross-endpoint integration: cycleDay/phase agreement Natural day 1 (menstrual) cycleDay agrees across all endpoints","invocations":1,"location":null,"numPassingAsserts":3,"retryReasons":[],"startAt":1775183838674,"status":"passed","title":"cycleDay agrees across all endpoints"},{"ancestorTitles":["Cross-endpoint integration: cycleDay/phase agreement","Natural day 1 (menstrual)"],"duration":0,"failing":false,"failureDetails":[],"failureMessages":[],"fullName":"Cross-endpoint integration: cycleDay/phase agreement Natural day 1 (menstrual) phase agrees across home and calendar endpoints","invocations":1,"location":null,"numPassingAsserts":2,"retryReasons":[],"startAt":1775183838683,"status":"passed","title":"phase agrees across home and calendar endpoints"},{"ancestorTitles":["Cross-endpoint integration: cycleDay/phase agreement","Natural day 1 (menstrual)"],"duration":0,"failing":false,"failureDetails":[],"failureMessages":[],"fullName":"Cross-endpoint integration: cycleDay/phase agreement Natural day 1 (menstrual) isPeriodDelayed is false","invocations":1,"location":null,"numPassingAsserts":2,"retryReasons":[],"startAt":1775183838683,"status":"passed","title":"isPeriodDelayed is false"}],"endTime":1775183866929,"message":"","name":"/Users/abhirajsinha/Projects/vyana-backend/tests/integration/crossEndpointIntegration.test.ts","startTime":1775183779607,"status":"passed","summary":""},{"assertionResults":[{"ancestorTitles":["Forecast endpoint (getInsightsForecast)"],"duration":7607,"failing":false,"failureDetails":[],"failureMessages":[],"fullName":"Forecast endpoint (getInsightsForecast) returns warmup when user has < 7 logs","invocations":1,"location":null,"numPassingAsserts":5,"retryReasons":[],"startAt":1775183789187,"status":"passed","title":"returns warmup when user has < 7 logs"},{"ancestorTitles":["Forecast endpoint (getInsightsForecast)"],"duration":8357,"failing":false,"failureDetails":[],"failureMessages":[],"fullName":"Forecast endpoint (getInsightsForecast) returns insufficient_spread when 7 logs are all on the same day","invocations":1,"location":null,"numPassingAsserts":2,"retryReasons":[],"startAt":1775183796795,"status":"passed","title":"returns insufficient_spread when 7 logs are all on the same day"},{"ancestorTitles":["Forecast endpoint (getInsightsForecast)"],"duration":10960,"failing":false,"failureDetails":[],"failureMessages":[],"fullName":"Forecast endpoint (getInsightsForecast) returns full forecast for eligible user with 10 logs across 10 days","invocations":1,"location":null,"numPassingAsserts":6,"retryReasons":[],"startAt":1775183805152,"status":"passed","title":"returns full forecast for eligible user with 10 logs across 10 days"},{"ancestorTitles":["Forecast endpoint (getInsightsForecast)"],"duration":10389,"failing":false,"failureDetails":[],"failureMessages":[],"fullName":"Forecast endpoint (getInsightsForecast) returns restricted forecast for hormonal (pill) user","invocations":1,"location":null,"numPassingAsserts":3,"retryReasons":[],"startAt":1775183816112,"status":"passed","title":"returns restricted forecast for hormonal (pill) user"},{"ancestorTitles":["Forecast endpoint (getInsightsForecast)"],"duration":11913,"failing":false,"failureDetails":[],"failureMessages":[],"fullName":"Forecast endpoint (getInsightsForecast) returns cached forecast on second call with same date","invocations":1,"location":null,"numPassingAsserts":1,"retryReasons":[],"startAt":1775183826502,"status":"passed","title":"returns cached forecast on second call with same date"},{"ancestorTitles":["Forecast endpoint (getInsightsForecast)"],"duration":3348,"failing":false,"failureDetails":[],"failureMessages":[],"fullName":"Forecast endpoint (getInsightsForecast) returns warmup without crashing when user has 0 logs","invocations":1,"location":null,"numPassingAsserts":3,"retryReasons":[],"startAt":1775183838416,"status":"passed","title":"returns warmup without crashing when user has 0 logs"}],"endTime":1775183879926,"message":"","name":"/Users/abhirajsinha/Projects/vyana-backend/tests/integration/forecastEndpoint.test.ts","startTime":1775183779615,"status":"passed","summary":""}],"wasInterrupted":false}
